<?xml version="1.0" encoding="UTF-8" standalone="yes"?><!DOCTYPE report PUBLIC "-//JACOCO//DTD Report 1.0//EN" "report.dtd"><report name="SchemaSpy"><sessioninfo id="" start="1601647489481" dump="1601647490415"/><sessioninfo id="org.schemaspy.DbAnalyzerTest testGetImpliedConstraints" start="1601647490419" dump="1601647491877"/><sessioninfo id="" start="1601647491900" dump="1601647491901"/><sessioninfo id="org.schemaspy.DbAnalyzerTest testGetImpliedConstraintsWithObscureTableAndColumnNames" start="1601647491902" dump="1601647491905"/><sessioninfo id="" start="1601647491907" dump="1601647491908"/><sessioninfo id="org.schemaspy.DbAnalyzerTest testGetRailsConstraints" start="1601647491909" dump="1601647491910"/><sessioninfo id="" start="1601647491912" dump="1601647491945"/><sessioninfo id="org.schemaspy.ConfigTest testLoadJars" start="1601647491947" dump="1601647491977"/><sessioninfo id="" start="1601647491979" dump="1601647491980"/><sessioninfo id="org.schemaspy.ConfigTest propertiesShouldHaveTrailingSpacesTrimmed" start="1601647491981" dump="1601647492036"/><sessioninfo id="" start="1601647492039" dump="1601647492040"/><sessioninfo id="org.schemaspy.ConfigTest testLoadProperties" start="1601647492041" dump="1601647492059"/><sessioninfo id="" start="1601647492061" dump="1601647492062"/><sessioninfo id="org.schemaspy.ConfigTest determineDdPropertiesWillExtend" start="1601647492063" dump="1601647492097"/><sessioninfo id="" start="1601647492100" dump="1601647492101"/><sessioninfo id="org.schemaspy.ConfigTest determineDbPropertiesNotOnClasspath" start="1601647492102" dump="1601647492107"/><sessioninfo id="" start="1601647492109" dump="1601647492110"/><sessioninfo id="org.schemaspy.ConfigTest exportedKeysCanBeDisabled" start="1601647492111" dump="1601647492112"/><sessioninfo id="" start="1601647492115" dump="1601647492115"/><sessioninfo id="org.schemaspy.ConfigTest exportedKeysIsEnabledByDefault" start="1601647492116" dump="1601647492117"/><sessioninfo id="" start="1601647492119" dump="1601647492119"/><sessioninfo id="org.schemaspy.ConfigTest testConfig" start="1601647492121" dump="1601647492122"/><sessioninfo id="" start="1601647492124" dump="1601647492124"/><sessioninfo id="org.schemaspy.ConfigTest propertiesShouldHaveTrailingSpaces" start="1601647492126" dump="1601647492130"/><sessioninfo id="" start="1601647492132" dump="1601647492133"/><sessioninfo id="org.schemaspy.ConfigTest determineDbPropertiesWillInclude" start="1601647492134" dump="1601647492138"/><sessioninfo id="" start="1601647492140" dump="1601647492151"/><sessioninfo id="org.schemaspy.TableOrdererTest validateSorting" start="1601647492154" dump="1601647492190"/><sessioninfo id="" start="1601647492195" dump="1601647492209"/><sessioninfo id="org.schemaspy.output.diagram.graphviz.GraphvizVersionTest testCompareTo" start="1601647492211" dump="1601647492229"/><sessioninfo id="" start="1601647492231" dump="1601647492231"/><sessioninfo id="org.schemaspy.output.diagram.graphviz.GraphvizVersionTest testExtractMac2222" start="1601647492233" dump="1601647492234"/><sessioninfo id="" start="1601647492235" dump="1601647492235"/><sessioninfo id="org.schemaspy.output.diagram.graphviz.GraphvizVersionTest testExtract2203" start="1601647492236" dump="1601647492237"/><sessioninfo id="" start="1601647492238" dump="1601647492239"/><sessioninfo id="org.schemaspy.output.diagram.graphviz.GraphvizVersionTest testEquals" start="1601647492240" dump="1601647492240"/><sessioninfo id="" start="1601647492242" dump="1601647492242"/><sessioninfo id="org.schemaspy.output.diagram.graphviz.GraphvizVersionTest testNotEquals" start="1601647492243" dump="1601647492244"/><sessioninfo id="" start="1601647492245" dump="1601647492275"/><sessioninfo id="org.schemaspy.output.diagram.graphviz.GraphvizDotTest specifyRenderer" start="1601647492279" dump="1601647492298"/><sessioninfo id="" start="1601647492302" dump="1601647492302"/><sessioninfo id="org.schemaspy.output.diagram.graphviz.GraphvizDotTest version2_26_0" start="1601647492304" dump="1601647492375"/><sessioninfo id="" start="1601647492397" dump="1601647492398"/><sessioninfo id="org.schemaspy.output.diagram.graphviz.GraphvizDotTest version2_28_0" start="1601647492399" dump="1601647492403"/><sessioninfo id="" start="1601647492412" dump="1601647492413"/><sessioninfo id="org.schemaspy.output.diagram.graphviz.GraphvizDotTest version2_32_0" start="1601647492415" dump="1601647492423"/><sessioninfo id="" start="1601647492428" dump="1601647501676"/><sessioninfo id="org.schemaspy.output.diagram.vizjs.VizJSDotTest transformDotToSvg" start="1601647501690" dump="1601647511769"/><sessioninfo id="" start="1601647511795" dump="1601647511982"/><sessioninfo id="org.schemaspy.output.html.mustache.diagrams.MustacheDiagramFactoryTest generateOrphanDiagram" start="1601647511991" dump="1601647511995"/><sessioninfo id="" start="1601647511997" dump="1601647511997"/><sessioninfo id="org.schemaspy.output.html.mustache.diagrams.MustacheDiagramFactoryTest generateSummaryDiagram" start="1601647511999" dump="1601647511999"/><sessioninfo id="" start="1601647512002" dump="1601647512002"/><sessioninfo id="org.schemaspy.output.html.mustache.diagrams.MustacheDiagramFactoryTest generateTableDiagram" start="1601647512003" dump="1601647512004"/><sessioninfo id="" start="1601647512006" dump="1601647512025"/><sessioninfo id="org.schemaspy.output.html.mustache.diagrams.MustacheSummaryDiagramFactoryTest realAndImpliedDiagrams" start="1601647512027" dump="1601647512303"/><sessioninfo id="" start="1601647512313" dump="1601647512314"/><sessioninfo id="org.schemaspy.output.html.mustache.diagrams.MustacheSummaryDiagramFactoryTest noDiagrams" start="1601647512316" dump="1601647512318"/><sessioninfo id="" start="1601647512321" dump="1601647512322"/><sessioninfo id="org.schemaspy.output.html.mustache.diagrams.MustacheSummaryDiagramFactoryTest realDiagrams" start="1601647512323" dump="1601647512326"/><sessioninfo id="" start="1601647512329" dump="1601647512330"/><sessioninfo id="org.schemaspy.output.html.mustache.diagrams.MustacheSummaryDiagramFactoryTest exceptionsAreCaught" start="1601647512331" dump="1601647512338"/><sessioninfo id="" start="1601647512341" dump="1601647512363"/><sessioninfo id="org.schemaspy.output.html.mustache.diagrams.MustacheTableDiagramFactoryTest fourDiagramsTwoIsImplied" start="1601647512366" dump="1601647512375"/><sessioninfo id="" start="1601647512378" dump="1601647512378"/><sessioninfo id="org.schemaspy.output.html.mustache.diagrams.MustacheTableDiagramFactoryTest fourDiagramsTwoIsImpliedOnly1stDegreeOfSeparation" start="1601647512380" dump="1601647512383"/><sessioninfo id="" start="1601647512386" dump="1601647512386"/><sessioninfo id="org.schemaspy.output.html.mustache.diagrams.MustacheTableDiagramFactoryTest onlyOneDiagram" start="1601647512387" dump="1601647512396"/><sessioninfo id="" start="1601647512399" dump="1601647512399"/><sessioninfo id="org.schemaspy.output.html.mustache.diagrams.MustacheTableDiagramFactoryTest onlyTwoDiagram" start="1601647512400" dump="1601647512406"/><sessioninfo id="" start="1601647512409" dump="1601647512409"/><sessioninfo id="org.schemaspy.output.html.mustache.diagrams.MustacheTableDiagramFactoryTest oneDiagrams" start="1601647512410" dump="1601647512414"/><sessioninfo id="" start="1601647512417" dump="1601647512418"/><sessioninfo id="org.schemaspy.output.html.mustache.diagrams.MustacheTableDiagramFactoryTest threeDiagramsOneIsImplied" start="1601647512419" dump="1601647512426"/><sessioninfo id="" start="1601647512429" dump="1601647512431"/><sessioninfo id="org.schemaspy.output.dot.schemaspy.HtmlTest willEscapeEverything" start="1601647512435" dump="1601647512436"/><sessioninfo id="" start="1601647512437" dump="1601647512437"/><sessioninfo id="org.schemaspy.output.dot.schemaspy.HtmlTest willAmpersandQuote" start="1601647512445" dump="1601647512445"/><sessioninfo id="" start="1601647512446" dump="1601647512446"/><sessioninfo id="org.schemaspy.output.dot.schemaspy.HtmlTest willEscapeQuotation" start="1601647512447" dump="1601647512448"/><sessioninfo id="" start="1601647512449" dump="1601647512449"/><sessioninfo id="org.schemaspy.output.dot.schemaspy.HtmlTest willEscapeGreaterThan" start="1601647512450" dump="1601647512460"/><sessioninfo id="" start="1601647512462" dump="1601647512462"/><sessioninfo id="org.schemaspy.output.dot.schemaspy.HtmlTest willEscapeLesserThan" start="1601647512463" dump="1601647512463"/><sessioninfo id="" start="1601647512464" dump="1601647512465"/><sessioninfo id="org.schemaspy.output.dot.schemaspy.HtmlTest willEscapeApostropheQuote" start="1601647512466" dump="1601647512466"/><sessioninfo id="" start="1601647512477" dump="1601647512511"/><sessioninfo id="org.schemaspy.output.dot.schemaspy.ResourceFinderTest canFindInUserHomeDirRootSubPath" start="1601647512513" dump="1601647512517"/><sessioninfo id="" start="1601647512518" dump="1601647512519"/><sessioninfo id="org.schemaspy.output.dot.schemaspy.ResourceFinderTest canFindInWorkDirRootSubPath" start="1601647512519" dump="1601647512522"/><sessioninfo id="" start="1601647512523" dump="1601647512524"/><sessioninfo id="org.schemaspy.output.dot.schemaspy.ResourceFinderTest canFindInClasspathSubPath" start="1601647512525" dump="1601647512527"/><sessioninfo id="" start="1601647512528" dump="1601647512529"/><sessioninfo id="org.schemaspy.output.dot.schemaspy.ResourceFinderTest canFindInClasspathRoot" start="1601647512530" dump="1601647512530"/><sessioninfo id="" start="1601647512531" dump="1601647512532"/><sessioninfo id="org.schemaspy.output.dot.schemaspy.ResourceFinderTest canFindInUserHomeDirRoot" start="1601647512533" dump="1601647512534"/><sessioninfo id="" start="1601647512535" dump="1601647512535"/><sessioninfo id="org.schemaspy.output.dot.schemaspy.ResourceFinderTest canFindInWorkDirRoot" start="1601647512536" dump="1601647512537"/><sessioninfo id="" start="1601647512538" dump="1601647512544"/><sessioninfo id="org.schemaspy.output.dot.schemaspy.DotNodeTest urlEncodeLink" start="1601647512546" dump="1601647512800"/><sessioninfo id="" start="1601647512802" dump="1601647512802"/><sessioninfo id="org.schemaspy.output.dot.schemaspy.DotNodeTest escapeHtml" start="1601647512803" dump="1601647512805"/><sessioninfo id="" start="1601647512807" dump="1601647512807"/><sessioninfo id="org.schemaspy.output.dot.schemaspy.DotNodeTest urlForRemoteInRootNonRelative" start="1601647512809" dump="1601647512810"/><sessioninfo id="" start="1601647512813" dump="1601647512813"/><sessioninfo id="org.schemaspy.output.dot.schemaspy.DotNodeTest htmlEscapeDetailedSize" start="1601647512813" dump="1601647512815"/><sessioninfo id="" start="1601647512817" dump="1601647512818"/><sessioninfo id="org.schemaspy.output.dot.schemaspy.DotNodeTest urlForRemoteNotInRootNonRelative" start="1601647512818" dump="1601647512819"/><sessioninfo id="" start="1601647512820" dump="1601647512821"/><sessioninfo id="org.schemaspy.output.dot.schemaspy.DotNodeTest htmlEscapeShortType" start="1601647512821" dump="1601647512822"/><sessioninfo id="" start="1601647512824" dump="1601647512828"/><sessioninfo id="org.schemaspy.output.dot.schemaspy.StyleSheetTest canGetExcludedColumnBackgroundColor" start="1601647512830" dump="1601647512830"/><sessioninfo id="" start="1601647512831" dump="1601647512832"/><sessioninfo id="org.schemaspy.output.dot.schemaspy.StyleSheetTest canGetTableHeadBackground" start="1601647512833" dump="1601647512833"/><sessioninfo id="" start="1601647512834" dump="1601647512834"/><sessioninfo id="org.schemaspy.output.dot.schemaspy.StyleSheetTest canGetTableBackground" start="1601647512835" dump="1601647512835"/><sessioninfo id="" start="1601647512837" dump="1601647512837"/><sessioninfo id="org.schemaspy.output.dot.schemaspy.StyleSheetTest canGetIndexedColumnBackground" start="1601647512838" dump="1601647512838"/><sessioninfo id="" start="1601647512839" dump="1601647512839"/><sessioninfo id="org.schemaspy.output.dot.schemaspy.StyleSheetTest canGetBodyBackground" start="1601647512840" dump="1601647512841"/><sessioninfo id="" start="1601647512842" dump="1601647512849"/><sessioninfo id="org.schemaspy.output.xml.dom.XmlColumnFormatterTest appendColumn" start="1601647512850" dump="1601647513059"/><sessioninfo id="" start="1601647513062" dump="1601647513071"/><sessioninfo id="org.schemaspy.output.xml.dom.XmlRoutineFormatterTest noCommentNoDefinitionLanguage" start="1601647513073" dump="1601647513095"/><sessioninfo id="" start="1601647513097" dump="1601647513098"/><sessioninfo id="org.schemaspy.output.xml.dom.XmlRoutineFormatterTest full" start="1601647513099" dump="1601647513123"/><sessioninfo id="" start="1601647513126" dump="1601647513127"/><sessioninfo id="org.schemaspy.output.xml.dom.XmlRoutineFormatterTest noComment" start="1601647513128" dump="1601647513146"/><sessioninfo id="" start="1601647513149" dump="1601647513151"/><sessioninfo id="org.schemaspy.output.xml.dom.XmlRoutineFormatterTest noCommentNoDefinitionLanguageNoDefinition" start="1601647513152" dump="1601647513162"/><sessioninfo id="" start="1601647513165" dump="1601647513179"/><sessioninfo id="org.schemaspy.output.xml.dom.XmlIndexFormatterTest appendIndex" start="1601647513182" dump="1601647513189"/><sessioninfo id="" start="1601647513193" dump="1601647513207"/><sessioninfo id="org.schemaspy.output.xml.dom.XmlTableFormatterTest withCheckConstraint" start="1601647513209" dump="1601647513241"/><sessioninfo id="" start="1601647513245" dump="1601647513263"/><sessioninfo id="org.schemaspy.util.MarkdownTest willNotReplaceDirectNewLineToBR" start="1601647513266" dump="1601647513575"/><sessioninfo id="" start="1601647513581" dump="1601647513582"/><sessioninfo id="org.schemaspy.util.MarkdownTest willReplaceNewLineWhenPrecededByTwoSpacesAsBR" start="1601647513583" dump="1601647513595"/><sessioninfo id="" start="1601647513600" dump="1601647513609"/><sessioninfo id="org.schemaspy.util.InflectionTest singularize" start="1601647513611" dump="1601647513615"/><sessioninfo id="" start="1601647513617" dump="1601647513617"/><sessioninfo id="org.schemaspy.util.InflectionTest pluralize" start="1601647513618" dump="1601647513619"/><sessioninfo id="" start="1601647513621" dump="1601647513621"/><sessioninfo id="org.schemaspy.util.InflectionTest uncountable" start="1601647513622" dump="1601647513622"/><sessioninfo id="" start="1601647513624" dump="1601647513635"/><sessioninfo id="org.schemaspy.util.CaseInsensitiveMapTest nullPutIsNotSupported" start="1601647513637" dump="1601647513638"/><sessioninfo id="" start="1601647513639" dump="1601647513640"/><sessioninfo id="org.schemaspy.util.CaseInsensitiveMapTest putGetContainsKey" start="1601647513641" dump="1601647513642"/><sessioninfo id="" start="1601647513643" dump="1601647513643"/><sessioninfo id="org.schemaspy.util.CaseInsensitiveMapTest putAll" start="1601647513644" dump="1601647513645"/><sessioninfo id="" start="1601647513647" dump="1601647513647"/><sessioninfo id="org.schemaspy.util.CaseInsensitiveMapTest remove" start="1601647513648" dump="1601647513648"/><sessioninfo id="" start="1601647513649" dump="1601647513650"/><sessioninfo id="org.schemaspy.util.CaseInsensitiveMapTest nullRemoveNotSupported" start="1601647513651" dump="1601647513652"/><sessioninfo id="" start="1601647513653" dump="1601647513653"/><sessioninfo id="org.schemaspy.util.CaseInsensitiveMapTest nullGetIsSupported" start="1601647513654" dump="1601647513655"/><sessioninfo id="" start="1601647513656" dump="1601647513657"/><sessioninfo id="org.schemaspy.util.CaseInsensitiveMapTest nullContainsKeyNotSupported" start="1601647513657" dump="1601647513659"/><sessioninfo id="" start="1601647513659" dump="1601647513676"/><sessioninfo id="org.schemaspy.util.RailsNamingTest testPluralizeMultiWordTable" start="1601647513677" dump="1601647513678"/><sessioninfo id="" start="1601647513679" dump="1601647513679"/><sessioninfo id="org.schemaspy.util.RailsNamingTest testPluralize" start="1601647513680" dump="1601647513681"/><sessioninfo id="" start="1601647513682" dump="1601647513691"/><sessioninfo id="org.schemaspy.util.DbSpecificOptionTest valueOfOptionCanBeNull" start="1601647513693" dump="1601647513696"/><sessioninfo id="" start="1601647513697" dump="1601647513710"/><sessioninfo id="org.schemaspy.util.DbSpecificConfigTest dumpUsageWithoutHostAndOptionalPort" start="1601647513711" dump="1601647513718"/><sessioninfo id="" start="1601647513721" dump="1601647513721"/><sessioninfo id="org.schemaspy.util.DbSpecificConfigTest worksWithoutHostAndOptionalPort" start="1601647513722" dump="1601647513734"/><sessioninfo id="" start="1601647513736" dump="1601647513737"/><sessioninfo id="org.schemaspy.util.DbSpecificConfigTest worksWithHostAndOptionalPort" start="1601647513738" dump="1601647513738"/><sessioninfo id="" start="1601647513740" dump="1601647513741"/><sessioninfo id="org.schemaspy.util.DbSpecificConfigTest dumpUsageWithHostAndOptionalPort" start="1601647513742" dump="1601647513743"/><sessioninfo id="" start="1601647513745" dump="1601647513749"/><sessioninfo id="org.schemaspy.util.ManifestUtilsTest getImplementationVersion" start="1601647513751" dump="1601647513752"/><sessioninfo id="" start="1601647513754" dump="1601647513754"/><sessioninfo id="org.schemaspy.util.ManifestUtilsTest getImplementationBuild" start="1601647513755" dump="1601647513755"/><sessioninfo id="" start="1601647513757" dump="1601647513763"/><sessioninfo id="org.schemaspy.model.TableTest containerIsSchema" start="1601647513766" dump="1601647513766"/><sessioninfo id="" start="1601647513768" dump="1601647513768"/><sessioninfo id="org.schemaspy.model.TableTest containerIsDatabaseName" start="1601647513769" dump="1601647513770"/><sessioninfo id="" start="1601647513771" dump="1601647513771"/><sessioninfo id="org.schemaspy.model.TableTest containerIsCatalog" start="1601647513772" dump="1601647513772"/><sessioninfo id="" start="1601647513773" dump="1601647513790"/><sessioninfo id="org.schemaspy.model.TableFullNameTest testFullName[0]" start="1601647513792" dump="1601647513792"/><sessioninfo id="" start="1601647513793" dump="1601647513793"/><sessioninfo id="org.schemaspy.model.TableFullNameTest testFullName[1]" start="1601647513794" dump="1601647513795"/><sessioninfo id="" start="1601647513796" dump="1601647513796"/><sessioninfo id="org.schemaspy.model.TableFullNameTest testFullName[2]" start="1601647513797" dump="1601647513797"/><sessioninfo id="" start="1601647513798" dump="1601647513798"/><sessioninfo id="org.schemaspy.model.TableFullNameTest testFullName[3]" start="1601647513799" dump="1601647513799"/><sessioninfo id="" start="1601647513800" dump="1601647513801"/><sessioninfo id="org.schemaspy.model.TableFullNameTest testFullName[4]" start="1601647513802" dump="1601647513802"/><sessioninfo id="" start="1601647513803" dump="1601647513803"/><sessioninfo id="org.schemaspy.model.TableFullNameTest testFullName[5]" start="1601647513804" dump="1601647513804"/><sessioninfo id="" start="1601647513805" dump="1601647513806"/><sessioninfo id="org.schemaspy.model.TableFullNameTest testFullName[6]" start="1601647513807" dump="1601647513807"/><sessioninfo id="" start="1601647513808" dump="1601647513814"/><sessioninfo id="org.schemaspy.model.SchemaTest compareEqualsHash" start="1601647513815" dump="1601647514036"/><sessioninfo id="" start="1601647514039" dump="1601647514042"/><sessioninfo id="org.schemaspy.model.TableIndexTest nameComparison" start="1601647514047" dump="1601647514048"/><sessioninfo id="" start="1601647514049" dump="1601647514052"/><sessioninfo id="org.schemaspy.model.TableIndexTest stringIdComparison" start="1601647514053" dump="1601647514053"/><sessioninfo id="" start="1601647514055" dump="1601647514055"/><sessioninfo id="org.schemaspy.model.TableIndexTest numericIdEquality" start="1601647514056" dump="1601647514056"/><sessioninfo id="" start="1601647514058" dump="1601647514059"/><sessioninfo id="org.schemaspy.model.TableIndexTest numericIdComparison" start="1601647514060" dump="1601647514060"/><sessioninfo id="" start="1601647514061" dump="1601647514062"/><sessioninfo id="org.schemaspy.model.TableIndexTest primaryKeysSortBeforeNonPrimaryKeys" start="1601647514063" dump="1601647514063"/><sessioninfo id="" start="1601647514065" dump="1601647514065"/><sessioninfo id="org.schemaspy.model.TableIndexTest nameEquality" start="1601647514066" dump="1601647514066"/><sessioninfo id="" start="1601647514068" dump="1601647514068"/><sessioninfo id="org.schemaspy.model.TableIndexTest stringIdEquality" start="1601647514069" dump="1601647514069"/><sessioninfo id="" start="1601647514071" dump="1601647514072"/><sessioninfo id="org.schemaspy.model.RoutineTest definition" start="1601647514073" dump="1601647514075"/><sessioninfo id="" start="1601647514080" dump="1601647514080"/><sessioninfo id="org.schemaspy.model.RoutineTest nullDefinitionIsReplacedWithEmptyString" start="1601647514081" dump="1601647514082"/><sessioninfo id="" start="1601647514083" dump="1601647514086"/><sessioninfo id="org.schemaspy.model.CatalogTest compareEqualsHash" start="1601647514090" dump="1601647514135"/><sessioninfo id="" start="1601647514138" dump="1601647514149"/><sessioninfo id="org.schemaspy.view.HtmlMainIndexPageTest descriptionSupportsMarkdown" start="1601647514151" dump="1601647514248"/><sessioninfo id="" start="1601647514268" dump="1601647514269"/><sessioninfo id="org.schemaspy.view.HtmlMainIndexPageTest noRowsTrue_RemovesRowsColumn" start="1601647514271" dump="1601647514299"/><sessioninfo id="" start="1601647514302" dump="1601647514303"/><sessioninfo id="org.schemaspy.view.HtmlMainIndexPageTest noRowsFalse_HasRowsColumn" start="1601647514304" dump="1601647514310"/><sessioninfo id="" start="1601647514313" dump="1601647514316"/><sessioninfo id="org.schemaspy.view.HtmlOrphansPageTest showError" start="1601647514318" dump="1601647514336"/><sessioninfo id="" start="1601647514340" dump="1601647514350"/><sessioninfo id="org.schemaspy.view.HtmlMultipleSchemasIndexPageTest multiMainIndexShouldHaveDescription" start="1601647514354" dump="1601647514388"/><sessioninfo id="" start="1601647514391" dump="1601647514391"/><sessioninfo id="org.schemaspy.view.HtmlMultipleSchemasIndexPageTest multiMainIndexShouldNOTHaveDescription" start="1601647514392" dump="1601647514405"/><sessioninfo id="" start="1601647514408" dump="1601647514416"/><sessioninfo id="org.schemaspy.view.HtmlRelationshipsPageTest willWriteErrorInformation" start="1601647514418" dump="1601647514429"/><sessioninfo id="" start="1601647514433" dump="1601647514434"/><sessioninfo id="org.schemaspy.view.HtmlTablePageTest noRowsFalse_showNoRows" start="1601647514436" dump="1601647514472"/><sessioninfo id="" start="1601647514477" dump="1601647514478"/><sessioninfo id="org.schemaspy.view.HtmlTablePageTest noRowsTrue_hideNoRows" start="1601647514479" dump="1601647514488"/><sessioninfo id="" start="1601647514491" dump="1601647514492"/><sessioninfo id="org.schemaspy.view.HtmlRoutinesPageTest markdownComment" start="1601647514494" dump="1601647514519"/><sessioninfo id="" start="1601647514527" dump="1601647514529"/><sessioninfo id="org.schemaspy.view.FileNameGeneratorTest wontGenerateSameNameForTwoDifferentNames" start="1601647514530" dump="1601647514531"/><sessioninfo id="" start="1601647514532" dump="1601647514533"/><sessioninfo id="org.schemaspy.view.FileNameGeneratorTest wontGenerateSameForSimilar" start="1601647514534" dump="1601647514534"/><sessioninfo id="" start="1601647514536" dump="1601647514536"/><sessioninfo id="org.schemaspy.view.FileNameGeneratorTest nameShorterOrEqualTo40ReturnIt" start="1601647514537" dump="1601647514537"/><sessioninfo id="" start="1601647514539" dump="1601647514539"/><sessioninfo id="org.schemaspy.view.FileNameGeneratorTest willReplaceIllegalCharsWithUnderscoreAndAddHashAsHex" start="1601647514540" dump="1601647514540"/><sessioninfo id="" start="1601647514542" dump="1601647514542"/><sessioninfo id="org.schemaspy.view.FileNameGeneratorTest nameLongerThan40ShortenItTo40" start="1601647514543" dump="1601647514552"/><sessioninfo id="" start="1601647514553" dump="1601647514553"/><sessioninfo id="org.schemaspy.view.FileNameGeneratorTest withJapanese" start="1601647514554" dump="1601647514555"/><sessioninfo id="" start="1601647514556" dump="1601647514559"/><sessioninfo id="org.schemaspy.view.HtmlAnomaliesPageTest columnsWithDefaultValueWordNULL" start="1601647514565" dump="1601647514591"/><sessioninfo id="" start="1601647514601" dump="1601647514602"/><sessioninfo id="org.schemaspy.view.HtmlAnomaliesPageTest tableWithIncrementingColumnNames" start="1601647514603" dump="1601647514606"/><sessioninfo id="" start="1601647514614" dump="1601647514615"/><sessioninfo id="org.schemaspy.view.HtmlAnomaliesPageTest tablesWithoutIndex" start="1601647514616" dump="1601647514621"/><sessioninfo id="" start="1601647514624" dump="1601647514625"/><sessioninfo id="org.schemaspy.view.HtmlAnomaliesPageTest tableWithSingleColumn" start="1601647514626" dump="1601647514634"/><sessioninfo id="" start="1601647514637" dump="1601647514637"/><sessioninfo id="org.schemaspy.view.HtmlAnomaliesPageTest impliedRelationships" start="1601647514638" dump="1601647514643"/><sessioninfo id="" start="1601647514646" dump="1601647514660"/><sessioninfo id="org.schemaspy.view.SqlAnalyzerTest willIdentifySQLServerQuotedTables" start="1601647514662" dump="1601647514685"/><sessioninfo id="" start="1601647514688" dump="1601647514713"/><sessioninfo id="org.schemaspy.view.MustacheCompilerTest setsRootPathToHome" start="1601647514717" dump="1601647515098"/><sessioninfo id="" start="1601647515104" dump="1601647515104"/><sessioninfo id="org.schemaspy.view.MustacheCompilerTest overrideLayoutTest" start="1601647515106" dump="1601647515111"/><sessioninfo id="" start="1601647515114" dump="1601647515114"/><sessioninfo id="org.schemaspy.view.MustacheCompilerTest setsDatabaseName" start="1601647515116" dump="1601647515140"/><sessioninfo id="" start="1601647515146" dump="1601647515147"/><sessioninfo id="org.schemaspy.view.MustacheCompilerTest setsRootPath" start="1601647515148" dump="1601647515151"/><sessioninfo id="" start="1601647515154" dump="1601647515170"/><sessioninfo id="org.schemaspy.cli.DegreeOfSeparationValidatorTest doesNotAllowThree" start="1601647515171" dump="1601647515176"/><sessioninfo id="" start="1601647515177" dump="1601647515178"/><sessioninfo id="org.schemaspy.cli.DegreeOfSeparationValidatorTest doesAllowOne" start="1601647515179" dump="1601647515179"/><sessioninfo id="" start="1601647515180" dump="1601647515180"/><sessioninfo id="org.schemaspy.cli.DegreeOfSeparationValidatorTest doesAllowTwo" start="1601647515181" dump="1601647515181"/><sessioninfo id="" start="1601647515182" dump="1601647515183"/><sessioninfo id="org.schemaspy.cli.DegreeOfSeparationValidatorTest doesNotAllowZero" start="1601647515184" dump="1601647515184"/><sessioninfo id="" start="1601647515186" dump="1601647515202"/><sessioninfo id="org.schemaspy.cli.EnvDefaultProviderTest returnsNullWhenNothingExists" start="1601647515204" dump="1601647515204"/><sessioninfo id="" start="1601647515205" dump="1601647515205"/><sessioninfo id="org.schemaspy.cli.EnvDefaultProviderTest willReturnPATH" start="1601647515206" dump="1601647515207"/><sessioninfo id="" start="1601647515208" dump="1601647515208"/><sessioninfo id="org.schemaspy.cli.EnvDefaultProviderTest willReturnPath" start="1601647515209" dump="1601647515215"/><sessioninfo id="" start="1601647515217" dump="1601647515236"/><sessioninfo id="org.schemaspy.cli.PropertyFileDefaultProviderTest getStringValue" start="1601647515238" dump="1601647515238"/><sessioninfo id="" start="1601647515240" dump="1601647515254"/><sessioninfo id="org.schemaspy.cli.ConfigFileArgumentParserTest givenNoConfigFileArgument_ExpectEmptyConfigFileValue" start="1601647515256" dump="1601647515287"/><sessioninfo id="" start="1601647515290" dump="1601647515290"/><sessioninfo id="org.schemaspy.cli.ConfigFileArgumentParserTest givenConfigFileArguemtn_ExpectToParseItsValue" start="1601647515291" dump="1601647515294"/><sessioninfo id="" start="1601647515296" dump="1601647515309"/><sessioninfo id="org.schemaspy.cli.CombinedDefaultProviderTest getDebugWithValueFalseShouldBeFalse" start="1601647515311" dump="1601647515313"/><sessioninfo id="" start="1601647515315" dump="1601647515315"/><sessioninfo id="org.schemaspy.cli.CombinedDefaultProviderTest willFallbackToSecondIfFirstIsNull" start="1601647515316" dump="1601647515317"/><sessioninfo id="" start="1601647515318" dump="1601647515318"/><sessioninfo id="org.schemaspy.cli.CombinedDefaultProviderTest getSSOWithOutValueShouldBeTrue" start="1601647515319" dump="1601647515320"/><sessioninfo id="" start="1601647515322" dump="1601647515322"/><sessioninfo id="org.schemaspy.cli.CombinedDefaultProviderTest definedOrderIsTheOrder" start="1601647515323" dump="1601647515326"/><sessioninfo id="" start="1601647515328" dump="1601647515331"/><sessioninfo id="org.schemaspy.cli.CombinedDefaultProviderTest getNoHTMLNotDefinedIsFalse" start="1601647515337" dump="1601647515338"/><sessioninfo id="" start="1601647515340" dump="1601647515340"/><sessioninfo id="org.schemaspy.cli.CombinedDefaultProviderTest getNoHTMLWithoutValueIsTrue" start="1601647515341" dump="1601647515342"/><sessioninfo id="" start="1601647515343" dump="1601647515343"/><sessioninfo id="org.schemaspy.cli.CombinedDefaultProviderTest returnsNullIfNullIsEverything" start="1601647515345" dump="1601647515346"/><sessioninfo id="" start="1601647515347" dump="1601647518286"/><sessioninfo id="org.schemaspy.cli.SchemaSpyRunnerTest ioExceptionExitCode_1" start="1601647518317" dump="1601647518362"/><sessioninfo id="" start="1601647518378" dump="1601647518935"/><sessioninfo id="org.schemaspy.cli.SchemaSpyRunnerTest emptySchemaExitCode_2" start="1601647518954" dump="1601647519011"/><sessioninfo id="" start="1601647519040" dump="1601647519601"/><sessioninfo id="org.schemaspy.cli.SchemaSpyRunnerTest connectionFailureExitCode_3" start="1601647519620" dump="1601647519643"/><sessioninfo id="" start="1601647519650" dump="1601647520086"/><sessioninfo id="org.schemaspy.cli.SchemaSpyRunnerTest returnsNoneNullExitCode_0" start="1601647520105" dump="1601647520111"/><sessioninfo id="" start="1601647520117" dump="1601647520119"/><sessioninfo id="org.schemaspy.cli.CommandLineArgumentParserTest givenAllRequiredParamsProvided_ExpectToSuccessfullyParseCommandLineArguments" start="1601647520122" dump="1601647520124"/><sessioninfo id="" start="1601647520129" dump="1601647520129"/><sessioninfo id="org.schemaspy.cli.CommandLineArgumentParserTest degreeOfSeparationIsTwoByDefault" start="1601647520131" dump="1601647520132"/><sessioninfo id="" start="1601647520134" dump="1601647520135"/><sessioninfo id="org.schemaspy.cli.CommandLineArgumentParserTest degreeOfSeparationCanBeSetToOne" start="1601647520136" dump="1601647520138"/><sessioninfo id="" start="1601647520140" dump="1601647520140"/><sessioninfo id="org.schemaspy.cli.CommandLineArgumentParserTest givenNoRequiredParameterProvided_AndNoDefaultProvider_ExpectError" start="1601647520142" dump="1601647520143"/><sessioninfo id="" start="1601647520145" dump="1601647520146"/><sessioninfo id="org.schemaspy.cli.CommandLineArgumentParserTest degreeOfSeparationThreeThrowsException" start="1601647520147" dump="1601647520149"/><sessioninfo id="" start="1601647520151" dump="1601647520151"/><sessioninfo id="org.schemaspy.cli.CommandLineArgumentParserTest canPrintLicense" start="1601647520153" dump="1601647520164"/><sessioninfo id="" start="1601647520168" dump="1601647520168"/><sessioninfo id="org.schemaspy.cli.CommandLineArgumentParserTest printLicenseFlagWorks" start="1601647520170" dump="1601647520171"/><sessioninfo id="" start="1601647520173" dump="1601647520173"/><sessioninfo id="org.schemaspy.cli.CommandLineArgumentParserTest printUsage" start="1601647520175" dump="1601647520178"/><sessioninfo id="" start="1601647520181" dump="1601647520181"/><sessioninfo id="org.schemaspy.cli.CommandLineArgumentParserTest onlyHelpSetsHelpRequiredShowsHelp" start="1601647520182" dump="1601647520183"/><sessioninfo id="" start="1601647520185" dump="1601647520186"/><sessioninfo id="org.schemaspy.cli.CommandLineArgumentParserTest givenNoRequiredParameterAndDefaultProviderWithoutRequiredValue_ExpectError" start="1601647520187" dump="1601647520209"/><sessioninfo id="" start="1601647520219" dump="1601647520219"/><sessioninfo id="org.schemaspy.cli.CommandLineArgumentParserTest ssoIsEnabledInPropertiesFileUserIsNotRequired" start="1601647520221" dump="1601647520232"/><sessioninfo id="" start="1601647520236" dump="1601647520236"/><sessioninfo id="org.schemaspy.cli.CommandLineArgumentParserTest onlyDBHelpSetsDBHelpRequired" start="1601647520238" dump="1601647520239"/><sessioninfo id="" start="1601647520241" dump="1601647520241"/><sessioninfo id="org.schemaspy.cli.CommandLineArgumentParserTest skipHtmlIsFalseByDefault" start="1601647520243" dump="1601647520244"/><sessioninfo id="" start="1601647520246" dump="1601647520246"/><sessioninfo id="org.schemaspy.cli.CommandLineArgumentParserTest ssoIsEnabledOnCommandLineUserIsNotRequired" start="1601647520248" dump="1601647520249"/><sessioninfo id="" start="1601647520251" dump="1601647520252"/><sessioninfo id="org.schemaspy.cli.CommandLineArgumentParserTest givenNoRequiredParameterAndDefaultProviderWithRequiredValue_ExpectSuccess" start="1601647520253" dump="1601647520260"/><sessioninfo id="" start="1601647520263" dump="1601647520264"/><sessioninfo id="org.schemaspy.cli.CommandLineArgumentParserTest skipHtmlCanBeEnabled" start="1601647520266" dump="1601647520267"/><sessioninfo id="" start="1601647520269" dump="1601647520311"/><sessioninfo id="org.schemaspy.MainTest callsSystemExit" start="1601647520321" dump="1601647521407"/><sessioninfo id="" start="1601647521432" dump="1601647521442"/><sessioninfo id="org.schemaspy.input.dbms.validator.NameValidatorTest doesntMatchInclusion" start="1601647521445" dump="1601647521446"/><sessioninfo id="" start="1601647521448" dump="1601647521448"/><sessioninfo id="org.schemaspy.input.dbms.validator.NameValidatorTest typeDoesntMatch" start="1601647521449" dump="1601647521449"/><sessioninfo id="" start="1601647521451" dump="1601647521451"/><sessioninfo id="org.schemaspy.input.dbms.validator.NameValidatorTest valid" start="1601647521452" dump="1601647521453"/><sessioninfo id="" start="1601647521454" dump="1601647521454"/><sessioninfo id="org.schemaspy.input.dbms.validator.NameValidatorTest excluded" start="1601647521456" dump="1601647521456"/><sessioninfo id="" start="1601647521457" dump="1601647521466"/><sessioninfo id="org.schemaspy.input.dbms.SchemaResolverTest schemaIsNullFetchFromJDBCReturnsNullThenThrowsException" start="1601647521468" dump="1601647521703"/><sessioninfo id="" start="1601647521713" dump="1601647521713"/><sessioninfo id="org.schemaspy.input.dbms.SchemaResolverTest schemaIsNullFetchFromJDBC" start="1601647521714" dump="1601647521715"/><sessioninfo id="" start="1601647521718" dump="1601647521718"/><sessioninfo id="org.schemaspy.input.dbms.SchemaResolverTest schemaIsSameIfSet" start="1601647521719" dump="1601647521719"/><sessioninfo id="" start="1601647521721" dump="1601647521730"/><sessioninfo id="org.schemaspy.input.dbms.xml.TableColumnMetaTest autoUpdatedShouldBeTrue" start="1601647521739" dump="1601647521741"/><sessioninfo id="" start="1601647521742" dump="1601647521743"/><sessioninfo id="org.schemaspy.input.dbms.xml.TableColumnMetaTest primaryShouldBeTrue" start="1601647521744" dump="1601647521745"/><sessioninfo id="" start="1601647521746" dump="1601647521747"/><sessioninfo id="org.schemaspy.input.dbms.xml.TableColumnMetaTest shouldDisableImpliedKeys" start="1601647521748" dump="1601647521749"/><sessioninfo id="" start="1601647521750" dump="1601647521750"/><sessioninfo id="org.schemaspy.input.dbms.xml.TableColumnMetaTest shouldDisableDiagramAssociations" start="1601647521752" dump="1601647521752"/><sessioninfo id="" start="1601647521754" dump="1601647521754"/><sessioninfo id="org.schemaspy.input.dbms.xml.TableColumnMetaTest nullableShouldBeTrue" start="1601647521755" dump="1601647521756"/><sessioninfo id="" start="1601647521757" dump="1601647521768"/><sessioninfo id="org.schemaspy.input.dbms.xml.SchemaMetaTest okCommentsInColumn" start="1601647521770" dump="1601647521877"/><sessioninfo id="" start="1601647521879" dump="1601647521879"/><sessioninfo id="org.schemaspy.input.dbms.xml.SchemaMetaTest deprecationWarningRemarksInTable" start="1601647521880" dump="1601647521891"/><sessioninfo id="" start="1601647521893" dump="1601647521893"/><sessioninfo id="org.schemaspy.input.dbms.xml.SchemaMetaTest okCommentsInTable" start="1601647521894" dump="1601647521903"/><sessioninfo id="" start="1601647521906" dump="1601647521906"/><sessioninfo id="org.schemaspy.input.dbms.xml.SchemaMetaTest deprecationWarningRemarksInColumn" start="1601647521907" dump="1601647521915"/><sessioninfo id="" start="1601647521918" dump="1601647521925"/><sessioninfo id="org.schemaspy.input.dbms.DbDriverLoaderTest nativeErrorInConnectThrowsException" start="1601647521927" dump="1601647522241"/><sessioninfo id="" start="1601647522249" dump="1601647522249"/><sessioninfo id="org.schemaspy.input.dbms.DbDriverLoaderTest driverLoaderCachesDrivers" start="1601647522251" dump="1601647522256"/><sessioninfo id="" start="1601647522262" dump="1601647522262"/><sessioninfo id="org.schemaspy.input.dbms.DbDriverLoaderTest willAddDirAndContentIfDpIsADirAndNotAFile" start="1601647522264" dump="1601647522267"/><sessioninfo id="" start="1601647522273" dump="1601647522274"/><sessioninfo id="org.schemaspy.input.dbms.DbDriverLoaderTest willAddDirAndContentIfDpSecondArgIsADirAndNotAFile" start="1601647522275" dump="1601647522282"/><sessioninfo id="" start="1601647522289" dump="1601647522290"/><sessioninfo id="org.schemaspy.input.dbms.DbDriverLoaderTest testLoadAdditionalJarsForDriver" start="1601647522291" dump="1601647522312"/><sessioninfo id="" start="1601647522319" dump="1601647522320"/><sessioninfo id="org.schemaspy.input.dbms.DbDriverLoaderTest firstDriverClassMissingSecondExists" start="1601647522321" dump="1601647522327"/><sessioninfo id="" start="1601647522333" dump="1601647522333"/><sessioninfo id="org.schemaspy.input.dbms.DbDriverLoaderTest driverPathWorks" start="1601647522334" dump="1601647522337"/><sessioninfo id="" start="1601647522342" dump="1601647522342"/><sessioninfo id="org.schemaspy.input.dbms.DbDriverLoaderTest connectionIsNullThrowsException" start="1601647522343" dump="1601647522348"/><sessioninfo id="" start="1601647522353" dump="1601647522353"/><sessioninfo id="org.schemaspy.input.dbms.DbDriverLoaderTest nativeErrorInDriverCreationThrowsException" start="1601647522354" dump="1601647522358"/><sessioninfo id="" start="1601647522363" dump="1601647522363"/><sessioninfo id="org.schemaspy.input.dbms.DbDriverLoaderTest willOnlyAddFileIfFileIsSpecified" start="1601647522364" dump="1601647522366"/><sessioninfo id="" start="1601647522370" dump="1601647522371"/><sessioninfo id="org.schemaspy.input.dbms.DbDriverLoaderTest testGetConnection" start="1601647522372" dump="1601647522374"/><sessioninfo id="" start="1601647522378" dump="1601647522378"/><sessioninfo id="org.schemaspy.input.dbms.DbDriverLoaderTest DriverMissingWithClasspathThrowsException" start="1601647522379" dump="1601647522381"/><sessioninfo id="" start="1601647522384" dump="1601647522384"/><sessioninfo id="org.schemaspy.input.dbms.DbDriverLoaderTest twoDriversBothExists" start="1601647522385" dump="1601647522386"/><sessioninfo id="" start="1601647522389" dump="1601647522390"/><sessioninfo id="org.schemaspy.input.dbms.ConnectionURLBuilderTest shouldReplaceHostAndOrPortWithCustomSeparator" start="1601647522392" dump="1601647522396"/><sessioninfo id="" start="1601647522398" dump="1601647522398"/><sessioninfo id="org.schemaspy.input.dbms.ConnectionURLBuilderTest shouldReplaceHostAndOrPortWithHostAndPortOnlyOnce" start="1601647522400" dump="1601647522401"/><sessioninfo id="" start="1601647522402" dump="1601647522403"/><sessioninfo id="org.schemaspy.input.dbms.ConnectionURLBuilderTest shouldReplaceHostInConnectionSpec" start="1601647522404" dump="1601647522405"/><sessioninfo id="" start="1601647522407" dump="1601647522407"/><sessioninfo id="org.schemaspy.input.dbms.ConnectionURLBuilderTest shouldReplaceHostAndOrPortWithHostAndPort" start="1601647522408" dump="1601647522409"/><sessioninfo id="" start="1601647522411" dump="1601647522411"/><sessioninfo id="org.schemaspy.input.dbms.ConnectionURLBuilderTest shouldReplaceHostAndOrPortWithOnlyHost" start="1601647522412" dump="1601647522413"/><sessioninfo id="" start="1601647522415" dump="1601647522416"/><sessioninfo id="org.schemaspy.input.dbms.service.DurationFormatterTest lessThenOneMinute" start="1601647522418" dump="1601647522422"/><sessioninfo id="" start="1601647522424" dump="1601647522424"/><sessioninfo id="org.schemaspy.input.dbms.service.DurationFormatterTest lessThenOneSecond" start="1601647522425" dump="1601647522425"/><sessioninfo id="" start="1601647522427" dump="1601647522427"/><sessioninfo id="org.schemaspy.input.dbms.service.DurationFormatterTest lessThenOneHour" start="1601647522428" dump="1601647522429"/><sessioninfo id="" start="1601647522430" dump="1601647522430"/><sessioninfo id="org.schemaspy.input.dbms.service.DurationFormatterTest moreThanOneHour" start="1601647522432" dump="1601647522432"/><sessioninfo id="" start="1601647522434" dump="1601647522434"/><sessioninfo id="org.schemaspy.input.dbms.service.DurationFormatterTest exactlyOneMinute" start="1601647522435" dump="1601647522435"/><sessioninfo id="" start="1601647522437" dump="1601647522485"/><sessioninfo id="org.schemaspy.input.dbms.service.IndexServiceIsIndexRowTest TableStatAndOrdinalNotZeroIsNotIndexRow" start="1601647522494" dump="1601647522658"/><sessioninfo id="" start="1601647522669" dump="1601647522669"/><sessioninfo id="org.schemaspy.input.dbms.service.IndexServiceIsIndexRowTest NotTableStatsAndOrdinalNotZeroIsIndexRow" start="1601647522671" dump="1601647522672"/><sessioninfo id="" start="1601647522674" dump="1601647522675"/><sessioninfo id="org.schemaspy.input.dbms.service.IndexServiceIsIndexRowTest NotTableStatAndOrdinalZeroIsNotIndexRow" start="1601647522677" dump="1601647522677"/><sessioninfo id="" start="1601647522679" dump="1601647522680"/><sessioninfo id="org.schemaspy.input.dbms.service.IndexServiceIsIndexRowTest TableStatAndOrdinalZeroIsNotIndexRow" start="1601647522682" dump="1601647522682"/><sessioninfo id="" start="1601647522685" dump="1601647522725"/><sessioninfo id="org.schemaspy.input.dbms.service.TableServiceAddForeignKeyTest addingRemoteTable" start="1601647522737" dump="1601647522743"/><sessioninfo id="" start="1601647522747" dump="1601647522748"/><sessioninfo id="org.schemaspy.input.dbms.service.TableServiceAddForeignKeyTest usesExistingForeignKeyIfExists" start="1601647522750" dump="1601647522751"/><sessioninfo id="" start="1601647522753" dump="1601647522753"/><sessioninfo id="org.schemaspy.input.dbms.service.TableServiceAddForeignKeyTest addsForeignKeyIfMissing" start="1601647522755" dump="1601647522755"/><sessioninfo id="" start="1601647522758" dump="1601647522758"/><sessioninfo id="org.schemaspy.input.dbms.service.TableServiceAddForeignKeyTest addedForeignKeyAndWiring" start="1601647522760" dump="1601647522760"/><sessioninfo id="" start="1601647522762" dump="1601647522762"/><sessioninfo id="org.schemaspy.input.dbms.service.TableServiceAddForeignKeyTest excludingTable" start="1601647522764" dump="1601647522765"/><sessioninfo id="" start="1601647522768" dump="1601647522776"/><sessioninfo id="org.schemaspy.input.dbms.service.TableServiceConnectForeignKeysTest getImportedKeys" start="1601647522779" dump="1601647522781"/><sessioninfo id="" start="1601647522783" dump="1601647522784"/><sessioninfo id="org.schemaspy.input.dbms.service.TableServiceConnectForeignKeysTest getExportedKeys" start="1601647522785" dump="1601647522789"/><sessioninfo id="" start="1601647522792" dump="1601647522810"/><sessioninfo id="org.schemaspy.input.dbms.service.DatabaseServiceTest databaseServiceDoesNotPrintInformationWhenConnectionTablesWillTakeMoreThan30MinutesAndExportedKeysIsDisabled" start="1601647522826" dump="1601647522925"/><sessioninfo id="" start="1601647522937" dump="1601647522937"/><sessioninfo id="org.schemaspy.input.dbms.service.DatabaseServiceTest databaseServiceDoesNotPrintInformationWhenConnectionTablesWillTakeLessThan30Minutes" start="1601647522939" dump="1601647522942"/><sessioninfo id="" start="1601647522946" dump="1601647522949"/><sessioninfo id="org.schemaspy.input.dbms.service.DatabaseServiceTest databaseServicePrintsInformationWhenConnectionTablesWillTakeMoreThan30MinutesAndExportedKeysIsEnabled" start="1601647522952" dump="1601647522954"/><sessioninfo id="" start="1601647522958" dump="1601647522967"/><sessioninfo id="org.schemaspy.input.dbms.service.TableServiceConnectTest remoteExists" start="1601647522971" dump="1601647523034"/><sessioninfo id="" start="1601647523045" dump="1601647523046"/><sessioninfo id="org.schemaspy.input.dbms.service.TableServiceConnectTest addRemote" start="1601647523048" dump="1601647523050"/><sessioninfo id="" start="1601647523054" dump="1601647523058"/><sessioninfo id="org.schemaspy.input.dbms.config.PropertiesFinderTest noSuchResource" start="1601647523060" dump="1601647523064"/><sessioninfo id="" start="1601647523066" dump="1601647523066"/><sessioninfo id="org.schemaspy.input.dbms.config.PropertiesFinderTest shouldNotReturnAFolderFromPath" start="1601647523068" dump="1601647523068"/><sessioninfo id="" start="1601647523070" dump="1601647523070"/><sessioninfo id="org.schemaspy.input.dbms.config.PropertiesFinderTest findOnClassPathWithExtension" start="1601647523071" dump="1601647523074"/><sessioninfo id="" start="1601647523075" dump="1601647523075"/><sessioninfo id="org.schemaspy.input.dbms.config.PropertiesFinderTest findByPathWithExtension" start="1601647523077" dump="1601647523077"/><sessioninfo id="" start="1601647523079" dump="1601647523079"/><sessioninfo id="org.schemaspy.input.dbms.config.PropertiesFinderTest shouldNotReturnAFolderFromClassPath" start="1601647523080" dump="1601647523081"/><sessioninfo id="" start="1601647523082" dump="1601647523082"/><sessioninfo id="org.schemaspy.input.dbms.config.PropertiesFinderTest findByPathWithOutExtension" start="1601647523084" dump="1601647523084"/><sessioninfo id="" start="1601647523085" dump="1601647523086"/><sessioninfo id="org.schemaspy.input.dbms.config.PropertiesFinderTest findOnClassPathWithNoExtension" start="1601647523087" dump="1601647523088"/><sessioninfo id="" start="1601647523089" dump="1601647523114"/><sessioninfo id="org.schemaspy.input.dbms.config.PropertiesResolverTest resolverWillInclude" start="1601647523124" dump="1601647523126"/><sessioninfo id="" start="1601647523128" dump="1601647523128"/><sessioninfo id="org.schemaspy.input.dbms.config.PropertiesResolverTest resolveSingleLevel" start="1601647523130" dump="1601647523130"/><sessioninfo id="" start="1601647523133" dump="1601647523133"/><sessioninfo id="org.schemaspy.input.dbms.config.PropertiesResolverTest resolverWithExtends" start="1601647523134" dump="1601647523135"/><sessioninfo id="" start="1601647523138" dump="1601647523138"/><sessioninfo id="org.schemaspy.input.dbms.config.PropertiesResolverTest noSuchPropertiesFile" start="1601647523139" dump="1601647523157"/><sessioninfo id="" start="1601647523159" dump="1601647523160"/><sessioninfo id="org.schemaspy.input.dbms.config.PropertiesResolverTest invalidInclude" start="1601647523161" dump="1601647523163"/><sessioninfo id="" start="1601647523165" dump="1601647523183"/><sessioninfo id="org.schemaspy.input.dbms.CatalogResolverTest catalogIsNullFetchFromJDBCReturnsNullThenThrowsException" start="1601647523185" dump="1601647523188"/><sessioninfo id="" start="1601647523190" dump="1601647523191"/><sessioninfo id="org.schemaspy.input.dbms.CatalogResolverTest catalogIsNullFetchFromJDBC" start="1601647523192" dump="1601647523193"/><sessioninfo id="" start="1601647523195" dump="1601647523196"/><sessioninfo id="org.schemaspy.input.dbms.CatalogResolverTest catalogIsSameIfSet" start="1601647523197" dump="1601647523197"/><sessioninfo id="org.schemaspy.input.dbms.CatalogResolverTest catalogIsSameIfSet" start="1601647523198" dump="1601647523207"/><package name="org/schemaspy/input/dbms"><class name="org/schemaspy/input/dbms/ConnectionURLBuilder"><method name="&lt;init&gt;" desc="(Lorg/schemaspy/Config;Ljava/util/Properties;)V" line="53"><counter type="INSTRUCTION" missed="0" covered="9"/><counter type="LINE" missed="0" covered="4"/><counter type="COMPLEXITY" missed="0" covered="1"/><counter type="METHOD" missed="0" covered="1"/></method><method name="build" desc="()Ljava/lang/String;" line="59"><counter type="INSTRUCTION" missed="0" covered="68"/><counter type="BRANCH" missed="0" covered="2"/><counter type="LINE" missed="0" covered="11"/><counter type="COMPLEXITY" missed="0" covered="2"/><counter type="METHOD" missed="0" covered="1"/></method><method name="getArgs" desc="()Ljava/util/List;" line="79"><counter type="INSTRUCTION" missed="30" covered="15"/><counter type="BRANCH" missed="3" covered="1"/><counter type="LINE" missed="3" covered="3"/><counter type="COMPLEXITY" missed="2" covered="1"/><counter type="METHOD" missed="0" covered="1"/></method><method name="getParam" desc="(Ljava/util/List;Lorg/schemaspy/util/DbSpecificOption;)Ljava/lang/String;" line="89"><counter type="INSTRUCTION" missed="22" covered="37"/><counter type="BRANCH" missed="3" covered="5"/><counter type="LINE" missed="4" covered="9"/><counter type="COMPLEXITY" missed="3" covered="2"/><counter type="METHOD" missed="0" covered="1"/></method><method name="getHostOptionalPort" desc="()Ljava/lang/String;" line="111"><counter type="INSTRUCTION" missed="7" covered="37"/><counter type="BRANCH" missed="1" covered="5"/><counter type="LINE" missed="1" covered="9"/><counter type="COMPLEXITY" missed="1" covered="3"/><counter type="METHOD" missed="0" covered="1"/></method><method name="&lt;clinit&gt;" desc="()V" line="44"><counter type="INSTRUCTION" missed="0" covered="5"/><counter type="LINE" missed="0" covered="1"/><counter type="COMPLEXITY" missed="0" covered="1"/><counter type="METHOD" missed="0" covered="1"/></method><counter type="INSTRUCTION" missed="59" covered="171"/><counter type="BRANCH" missed="7" covered="13"/><counter type="LINE" missed="8" covered="37"/><counter type="COMPLEXITY" missed="6" covered="10"/><counter type="METHOD" missed="0" covered="6"/><counter type="CLASS" missed="0" covered="1"/></class><class name="org/schemaspy/input/dbms/DbDriverLoader"><method name="&lt;init&gt;" desc="()V" line="52"><counter type="INSTRUCTION" missed="0" covered="6"/><counter type="LINE" missed="0" covered="2"/><counter type="COMPLEXITY" missed="0" covered="1"/><counter type="METHOD" missed="0" covered="1"/></method><method name="getConnection" desc="(Lorg/schemaspy/Config;)Ljava/sql/Connection;" line="61"><counter type="INSTRUCTION" missed="17" covered="30"/><counter type="BRANCH" missed="3" covered="3"/><counter type="LINE" missed="4" covered="7"/><counter type="COMPLEXITY" missed="3" covered="1"/><counter type="METHOD" missed="0" covered="1"/></method><method name="getConnection" desc="(Lorg/schemaspy/Config;Ljava/lang/String;[Ljava/lang/String;Ljava/lang/String;)Ljava/sql/Connection;" line="81"><counter type="INSTRUCTION" missed="6" covered="88"/><counter type="BRANCH" missed="1" covered="5"/><counter type="LINE" missed="1" covered="15"/><counter type="COMPLEXITY" missed="1" covered="3"/><counter type="METHOD" missed="0" covered="1"/></method><method name="toList" desc="([Ljava/lang/String;)Ljava/lang/String;" line="107"><counter type="INSTRUCTION" missed="0" covered="15"/><counter type="BRANCH" missed="0" covered="2"/><counter type="LINE" missed="0" covered="3"/><counter type="COMPLEXITY" missed="0" covered="2"/><counter type="METHOD" missed="0" covered="1"/></method><method name="getDriver" desc="([Ljava/lang/String;Ljava/lang/String;)Ljava/sql/Driver;" line="123"><counter type="INSTRUCTION" missed="15" covered="103"/><counter type="BRANCH" missed="2" covered="12"/><counter type="LINE" missed="3" covered="19"/><counter type="COMPLEXITY" missed="2" covered="6"/><counter type="METHOD" missed="0" covered="1"/></method><method name="getDriverClass" desc="([Ljava/lang/String;Ljava/lang/ClassLoader;)Ljava/lang/Class;" line="167"><counter type="INSTRUCTION" missed="0" covered="36"/><counter type="BRANCH" missed="0" covered="4"/><counter type="LINE" missed="0" covered="9"/><counter type="COMPLEXITY" missed="0" covered="3"/><counter type="METHOD" missed="0" covered="1"/></method><method name="createMessage" desc="([Ljava/lang/String;Ljava/lang/String;Ljava/util/Set;)Ljava/lang/String;" line="182"><counter type="INSTRUCTION" missed="9" covered="100"/><counter type="BRANCH" missed="3" covered="7"/><counter type="LINE" missed="1" covered="26"/><counter type="COMPLEXITY" missed="3" covered="3"/><counter type="METHOD" missed="0" covered="1"/></method><method name="loadAdditionalJarsForDriver" desc="(Ljava/lang/String;Ljava/util/Set;)V" line="215"><counter type="INSTRUCTION" missed="0" covered="52"/><counter type="BRANCH" missed="3" covered="5"/><counter type="LINE" missed="0" covered="10"/><counter type="COMPLEXITY" missed="3" covered="2"/><counter type="METHOD" missed="0" covered="1"/></method><method name="getDriverClassLoader" desc="(Ljava/util/Set;)Ljava/lang/ClassLoader;" line="247"><counter type="INSTRUCTION" missed="0" covered="30"/><counter type="BRANCH" missed="0" covered="2"/><counter type="LINE" missed="0" covered="7"/><counter type="COMPLEXITY" missed="0" covered="2"/><counter type="METHOD" missed="0" covered="1"/></method><method name="getMissingPaths" desc="(Ljava/lang/String;)Ljava/util/List;" line="271"><counter type="INSTRUCTION" missed="0" covered="36"/><counter type="BRANCH" missed="0" covered="4"/><counter type="LINE" missed="0" covered="6"/><counter type="COMPLEXITY" missed="0" covered="3"/><counter type="METHOD" missed="0" covered="1"/></method><method name="getExistingUrls" desc="(Ljava/lang/String;)Ljava/util/Set;" line="290"><counter type="INSTRUCTION" missed="0" covered="46"/><counter type="BRANCH" missed="0" covered="6"/><counter type="LINE" missed="0" covered="9"/><counter type="COMPLEXITY" missed="0" covered="4"/><counter type="METHOD" missed="0" covered="1"/></method><method name="addDirectoryContent" desc="(Ljava/io/File;Ljava/util/Set;)V" line="307"><counter type="INSTRUCTION" missed="0" covered="35"/><counter type="BRANCH" missed="1" covered="5"/><counter type="LINE" missed="0" covered="7"/><counter type="COMPLEXITY" missed="1" covered="3"/><counter type="METHOD" missed="0" covered="1"/></method><method name="lambda$getDriverClassLoader$1" desc="(Ljava/net/URI;)Ljava/net/URL;" line="250"><counter type="INSTRUCTION" missed="3" covered="3"/><counter type="LINE" missed="2" covered="1"/><counter type="COMPLEXITY" missed="0" covered="1"/><counter type="METHOD" missed="0" covered="1"/></method><method name="lambda$loadAdditionalJarsForDriver$0" desc="(Ljava/io/File;Ljava/lang/String;)Z" line="218"><counter type="INSTRUCTION" missed="0" covered="5"/><counter type="LINE" missed="0" covered="1"/><counter type="COMPLEXITY" missed="0" covered="1"/><counter type="METHOD" missed="0" covered="1"/></method><method name="&lt;clinit&gt;" desc="()V" line="54"><counter type="INSTRUCTION" missed="0" covered="9"/><counter type="LINE" missed="0" covered="2"/><counter type="COMPLEXITY" missed="0" covered="1"/><counter type="METHOD" missed="0" covered="1"/></method><counter type="INSTRUCTION" missed="50" covered="594"/><counter type="BRANCH" missed="13" covered="55"/><counter type="LINE" missed="11" covered="124"/><counter type="COMPLEXITY" missed="13" covered="36"/><counter type="METHOD" missed="0" covered="15"/><counter type="CLASS" missed="0" covered="1"/></class><class name="org/schemaspy/input/dbms/CatalogResolver"><method name="&lt;init&gt;" desc="(Ljava/sql/DatabaseMetaData;)V" line="36"><counter type="INSTRUCTION" missed="0" covered="6"/><counter type="LINE" missed="0" covered="3"/><counter type="COMPLEXITY" missed="0" covered="1"/><counter type="METHOD" missed="0" covered="1"/></method><method name="resolveCatalog" desc="(Ljava/lang/String;)Ljava/lang/String;" line="41"><counter type="INSTRUCTION" missed="5" covered="27"/><counter type="BRANCH" missed="0" covered="4"/><counter type="LINE" missed="2" covered="9"/><counter type="COMPLEXITY" missed="0" covered="3"/><counter type="METHOD" missed="0" covered="1"/></method><method name="&lt;clinit&gt;" desc="()V" line="32"><counter type="INSTRUCTION" missed="0" covered="5"/><counter type="LINE" missed="0" covered="1"/><counter type="COMPLEXITY" missed="0" covered="1"/><counter type="METHOD" missed="0" covered="1"/></method><counter type="INSTRUCTION" missed="5" covered="38"/><counter type="BRANCH" missed="0" covered="4"/><counter type="LINE" missed="2" covered="13"/><counter type="COMPLEXITY" missed="0" covered="5"/><counter type="METHOD" missed="0" covered="3"/><counter type="CLASS" missed="0" covered="1"/></class><class name="org/schemaspy/input/dbms/SchemaResolver"><method name="&lt;init&gt;" desc="(Ljava/sql/DatabaseMetaData;)V" line="36"><counter type="INSTRUCTION" missed="0" covered="6"/><counter type="LINE" missed="0" covered="3"/><counter type="COMPLEXITY" missed="0" covered="1"/><counter type="METHOD" missed="0" covered="1"/></method><method name="resolveSchema" desc="(Ljava/lang/String;)Ljava/lang/String;" line="41"><counter type="INSTRUCTION" missed="5" covered="27"/><counter type="BRANCH" missed="0" covered="4"/><counter type="LINE" missed="2" covered="9"/><counter type="COMPLEXITY" missed="0" covered="3"/><counter type="METHOD" missed="0" covered="1"/></method><method name="&lt;clinit&gt;" desc="()V" line="32"><counter type="INSTRUCTION" missed="0" covered="5"/><counter type="LINE" missed="0" covered="1"/><counter type="COMPLEXITY" missed="0" covered="1"/><counter type="METHOD" missed="0" covered="1"/></method><counter type="INSTRUCTION" missed="5" covered="38"/><counter type="BRANCH" missed="0" covered="4"/><counter type="LINE" missed="2" covered="13"/><counter type="COMPLEXITY" missed="0" covered="5"/><counter type="METHOD" missed="0" covered="3"/><counter type="CLASS" missed="0" covered="1"/></class><sourcefile name="CatalogResolver.java"><line nr="32" mi="0" ci="5" mb="0" cb="0"/><line nr="36" mi="0" ci="2" mb="0" cb="0"/><line nr="37" mi="0" ci="3" mb="0" cb="0"/><line nr="38" mi="0" ci="1" mb="0" cb="0"/><line nr="41" mi="0" ci="3" mb="0" cb="2"/><line nr="42" mi="0" ci="2" mb="0" cb="0"/><line nr="44" mi="0" ci="5" mb="0" cb="0"/><line nr="45" mi="0" ci="4" mb="0" cb="0"/><line nr="46" mi="1" ci="0" mb="0" cb="0"/><line nr="47" mi="4" ci="0" mb="0" cb="0"/><line nr="48" mi="0" ci="1" mb="0" cb="0"/><line nr="50" mi="0" ci="3" mb="0" cb="2"/><line nr="51" mi="0" ci="5" mb="0" cb="0"/><line nr="54" mi="0" ci="2" mb="0" cb="0"/><line nr="56" mi="0" ci="2" mb="0" cb="0"/><counter type="INSTRUCTION" missed="5" covered="38"/><counter type="BRANCH" missed="0" covered="4"/><counter type="LINE" missed="2" covered="13"/><counter type="COMPLEXITY" missed="0" covered="5"/><counter type="METHOD" missed="0" covered="3"/><counter type="CLASS" missed="0" covered="1"/></sourcefile><sourcefile name="DbDriverLoader.java"><line nr="52" mi="0" ci="2" mb="0" cb="0"/><line nr="54" mi="0" ci="4" mb="0" cb="0"/><line nr="55" mi="0" ci="5" mb="0" cb="0"/><line nr="57" mi="0" ci="4" mb="0" cb="0"/><line nr="61" mi="0" ci="3" mb="0" cb="0"/><line nr="63" mi="0" ci="6" mb="0" cb="0"/><line nr="64" mi="0" ci="4" mb="1" cb="1"/><line nr="65" mi="4" ci="0" mb="0" cb="0"/><line nr="67" mi="0" ci="6" mb="0" cb="0"/><line nr="68" mi="0" ci="4" mb="0" cb="0"/><line nr="69" mi="0" ci="3" mb="1" cb="1"/><line nr="70" mi="2" ci="0" mb="0" cb="0"/><line nr="72" mi="0" ci="4" mb="1" cb="1"/><line nr="73" mi="3" ci="0" mb="0" cb="0"/><line nr="75" mi="8" ci="0" mb="0" cb="0"/><line nr="81" mi="0" ci="4" mb="0" cb="0"/><line nr="83" mi="0" ci="3" mb="0" cb="0"/><line nr="84" mi="0" ci="3" mb="0" cb="2"/><line nr="85" mi="0" ci="6" mb="0" cb="0"/><line nr="87" mi="0" ci="3" mb="1" cb="1"/><line nr="88" mi="6" ci="0" mb="0" cb="0"/><line nr="93" mi="0" ci="5" mb="0" cb="0"/><line nr="94" mi="0" ci="5" mb="0" cb="0"/><line nr="95" mi="0" ci="2" mb="0" cb="2"/><line nr="96" mi="0" ci="20" mb="0" cb="0"/><line nr="98" mi="0" ci="1" mb="0" cb="0"/><line nr="99" mi="0" ci="17" mb="0" cb="0"/><line nr="100" mi="0" ci="1" mb="0" cb="0"/><line nr="101" mi="0" ci="15" mb="0" cb="0"/><line nr="102" mi="0" ci="1" mb="0" cb="0"/><line nr="103" mi="0" ci="2" mb="0" cb="0"/><line nr="107" mi="0" ci="4" mb="0" cb="2"/><line nr="108" mi="0" ci="4" mb="0" cb="0"/><line nr="110" mi="0" ci="7" mb="0" cb="0"/><line nr="123" mi="0" ci="16" mb="0" cb="2"/><line nr="124" mi="0" ci="14" mb="0" cb="0"/><line nr="125" mi="0" ci="3" mb="0" cb="2"/><line nr="126" mi="0" ci="2" mb="0" cb="0"/><line nr="129" mi="0" ci="4" mb="0" cb="0"/><line nr="130" mi="0" ci="3" mb="0" cb="2"/><line nr="131" mi="0" ci="5" mb="0" cb="0"/><line nr="132" mi="0" ci="2" mb="0" cb="2"/><line nr="133" mi="0" ci="5" mb="0" cb="0"/><line nr="138" mi="0" ci="3" mb="1" cb="1"/><line nr="139" mi="4" ci="0" mb="0" cb="0"/><line nr="143" mi="0" ci="4" mb="0" cb="0"/><line nr="144" mi="0" ci="5" mb="0" cb="0"/><line nr="146" mi="0" ci="3" mb="0" cb="2"/><line nr="147" mi="0" ci="9" mb="0" cb="0"/><line nr="151" mi="0" ci="4" mb="0" cb="0"/><line nr="152" mi="0" ci="3" mb="1" cb="1"/><line nr="153" mi="0" ci="15" mb="0" cb="0"/><line nr="159" mi="1" ci="0" mb="0" cb="0"/><line nr="160" mi="10" ci="0" mb="0" cb="0"/><line nr="161" mi="0" ci="1" mb="0" cb="0"/><line nr="163" mi="0" ci="2" mb="0" cb="0"/><line nr="167" mi="0" ci="2" mb="0" cb="0"/><line nr="168" mi="0" ci="16" mb="0" cb="2"/><line nr="170" mi="0" ci="5" mb="0" cb="0"/><line nr="171" mi="0" ci="1" mb="0" cb="0"/><line nr="172" mi="0" ci="4" mb="0" cb="0"/><line nr="173" mi="0" ci="1" mb="0" cb="0"/><line nr="174" mi="0" ci="3" mb="0" cb="2"/><line nr="175" mi="0" ci="2" mb="0" cb="0"/><line nr="178" mi="0" ci="2" mb="0" cb="0"/><line nr="182" mi="0" ci="4" mb="0" cb="0"/><line nr="183" mi="0" ci="2" mb="0" cb="0"/><line nr="184" mi="0" ci="7" mb="0" cb="0"/><line nr="185" mi="0" ci="2" mb="0" cb="0"/><line nr="186" mi="0" ci="2" mb="0" cb="0"/><line nr="187" mi="2" ci="5" mb="1" cb="1"/><line nr="188" mi="0" ci="2" mb="0" cb="0"/><line nr="189" mi="0" ci="1" mb="0" cb="0"/><line nr="190" mi="0" ci="3" mb="0" cb="0"/><line nr="191" mi="0" ci="2" mb="0" cb="0"/><line nr="192" mi="0" ci="3" mb="1" cb="1"/><line nr="193" mi="7" ci="0" mb="0" cb="0"/><line nr="195" mi="0" ci="4" mb="0" cb="0"/><line nr="196" mi="0" ci="10" mb="0" cb="2"/><line nr="197" mi="0" ci="9" mb="0" cb="0"/><line nr="198" mi="0" ci="1" mb="0" cb="0"/><line nr="200" mi="0" ci="4" mb="0" cb="0"/><line nr="201" mi="0" ci="3" mb="1" cb="1"/><line nr="202" mi="0" ci="6" mb="0" cb="0"/><line nr="203" mi="0" ci="10" mb="0" cb="2"/><line nr="204" mi="0" ci="8" mb="0" cb="0"/><line nr="205" mi="0" ci="1" mb="0" cb="0"/><line nr="206" mi="0" ci="2" mb="0" cb="0"/><line nr="207" mi="0" ci="1" mb="0" cb="0"/><line nr="208" mi="0" ci="3" mb="0" cb="0"/><line nr="209" mi="0" ci="2" mb="0" cb="0"/><line nr="211" mi="0" ci="3" mb="0" cb="0"/><line nr="215" mi="0" ci="10" mb="0" cb="0"/><line nr="216" mi="0" ci="3" mb="1" cb="1"/><line nr="217" mi="0" ci="4" mb="0" cb="0"/><line nr="218" mi="0" ci="5" mb="0" cb="0"/><line nr="221" mi="0" ci="3" mb="0" cb="0"/><line nr="223" mi="0" ci="2" mb="1" cb="1"/><line nr="224" mi="0" ci="16" mb="0" cb="2"/><line nr="225" mi="0" ci="3" mb="1" cb="1"/><line nr="226" mi="0" ci="5" mb="0" cb="0"/><line nr="227" mi="0" ci="5" mb="0" cb="0"/><line nr="232" mi="0" ci="1" mb="0" cb="0"/><line nr="247" mi="0" ci="3" mb="0" cb="2"/><line nr="248" mi="0" ci="5" mb="0" cb="0"/><line nr="250" mi="0" ci="3" mb="0" cb="0"/><line nr="251" mi="1" ci="0" mb="0" cb="0"/><line nr="252" mi="2" ci="0" mb="0" cb="0"/><line nr="254" mi="0" ci="10" mb="0" cb="0"/><line nr="255" mi="0" ci="5" mb="0" cb="0"/><line nr="256" mi="0" ci="1" mb="0" cb="0"/><line nr="257" mi="0" ci="4" mb="0" cb="0"/><line nr="260" mi="0" ci="2" mb="0" cb="0"/><line nr="271" mi="0" ci="4" mb="0" cb="0"/><line nr="273" mi="0" ci="4" mb="0" cb="0"/><line nr="274" mi="0" ci="16" mb="0" cb="2"/><line nr="275" mi="0" ci="6" mb="0" cb="2"/><line nr="276" mi="0" ci="4" mb="0" cb="0"/><line nr="279" mi="0" ci="2" mb="0" cb="0"/><line nr="290" mi="0" ci="4" mb="0" cb="0"/><line nr="292" mi="0" ci="4" mb="0" cb="0"/><line nr="293" mi="0" ci="16" mb="0" cb="2"/><line nr="294" mi="0" ci="5" mb="0" cb="0"/><line nr="295" mi="0" ci="3" mb="0" cb="2"/><line nr="296" mi="0" ci="5" mb="0" cb="0"/><line nr="297" mi="0" ci="3" mb="0" cb="2"/><line nr="298" mi="0" ci="4" mb="0" cb="0"/><line nr="303" mi="0" ci="2" mb="0" cb="0"/><line nr="307" mi="0" ci="3" mb="0" cb="0"/><line nr="308" mi="0" ci="16" mb="0" cb="2"/><line nr="309" mi="0" ci="3" mb="1" cb="1"/><line nr="310" mi="0" ci="5" mb="0" cb="0"/><line nr="311" mi="0" ci="3" mb="0" cb="2"/><line nr="312" mi="0" ci="4" mb="0" cb="0"/><line nr="316" mi="0" ci="1" mb="0" cb="0"/><counter type="INSTRUCTION" missed="50" covered="594"/><counter type="BRANCH" missed="13" covered="55"/><counter type="LINE" missed="11" covered="124"/><counter type="COMPLEXITY" missed="13" covered="36"/><counter type="METHOD" missed="0" covered="15"/><counter type="CLASS" missed="0" covered="1"/></sourcefile><sourcefile name="ConnectionURLBuilder.java"><line nr="44" mi="0" ci="5" mb="0" cb="0"/><line nr="53" mi="0" ci="2" mb="0" cb="0"/><line nr="54" mi="0" ci="3" mb="0" cb="0"/><line nr="55" mi="0" ci="3" mb="0" cb="0"/><line nr="56" mi="0" ci="1" mb="0" cb="0"/><line nr="59" mi="0" ci="3" mb="0" cb="0"/><line nr="60" mi="0" ci="6" mb="0" cb="0"/><line nr="62" mi="0" ci="5" mb="0" cb="0"/><line nr="63" mi="0" ci="10" mb="0" cb="0"/><line nr="64" mi="0" ci="11" mb="0" cb="2"/><line nr="65" mi="0" ci="6" mb="0" cb="0"/><line nr="67" mi="0" ci="4" mb="0" cb="0"/><line nr="70" mi="0" ci="16" mb="0" cb="0"/><line nr="71" mi="0" ci="1" mb="0" cb="0"/><line nr="73" mi="0" ci="4" mb="0" cb="0"/><line nr="75" mi="0" ci="2" mb="0" cb="0"/><line nr="79" mi="0" ci="4" mb="0" cb="0"/><line nr="81" mi="4" ci="9" mb="1" cb="1"/><line nr="82" mi="17" ci="0" mb="2" cb="0"/><line nr="83" mi="8" ci="0" mb="0" cb="0"/><line nr="84" mi="1" ci="0" mb="0" cb="0"/><line nr="85" mi="0" ci="2" mb="0" cb="0"/><line nr="89" mi="0" ci="2" mb="0" cb="0"/><line nr="90" mi="0" ci="12" mb="0" cb="0"/><line nr="92" mi="0" ci="2" mb="1" cb="1"/><line nr="93" mi="0" ci="3" mb="1" cb="1"/><line nr="94" mi="0" ci="6" mb="0" cb="0"/><line nr="96" mi="0" ci="5" mb="0" cb="2"/><line nr="97" mi="0" ci="3" mb="0" cb="0"/><line nr="99" mi="0" ci="2" mb="1" cb="1"/><line nr="100" mi="9" ci="0" mb="0" cb="0"/><line nr="102" mi="4" ci="0" mb="0" cb="0"/><line nr="103" mi="5" ci="0" mb="0" cb="0"/><line nr="104" mi="4" ci="0" mb="0" cb="0"/><line nr="107" mi="0" ci="2" mb="0" cb="0"/><line nr="111" mi="0" ci="4" mb="0" cb="0"/><line nr="112" mi="0" ci="2" mb="1" cb="1"/><line nr="113" mi="7" ci="0" mb="0" cb="0"/><line nr="115" mi="0" ci="6" mb="0" cb="0"/><line nr="116" mi="0" ci="4" mb="0" cb="0"/><line nr="117" mi="0" ci="4" mb="0" cb="2"/><line nr="118" mi="0" ci="2" mb="0" cb="0"/><line nr="120" mi="0" ci="2" mb="0" cb="2"/><line nr="121" mi="0" ci="11" mb="0" cb="0"/><line nr="123" mi="0" ci="2" mb="0" cb="0"/><counter type="INSTRUCTION" missed="59" covered="171"/><counter type="BRANCH" missed="7" covered="13"/><counter type="LINE" missed="8" covered="37"/><counter type="COMPLEXITY" missed="6" covered="10"/><counter type="METHOD" missed="0" covered="6"/><counter type="CLASS" missed="0" covered="1"/></sourcefile><sourcefile name="SchemaResolver.java"><line nr="32" mi="0" ci="5" mb="0" cb="0"/><line nr="36" mi="0" ci="2" mb="0" cb="0"/><line nr="37" mi="0" ci="3" mb="0" cb="0"/><line nr="38" mi="0" ci="1" mb="0" cb="0"/><line nr="41" mi="0" ci="3" mb="0" cb="2"/><line nr="42" mi="0" ci="2" mb="0" cb="0"/><line nr="44" mi="0" ci="5" mb="0" cb="0"/><line nr="45" mi="0" ci="4" mb="0" cb="0"/><line nr="46" mi="1" ci="0" mb="0" cb="0"/><line nr="47" mi="4" ci="0" mb="0" cb="0"/><line nr="48" mi="0" ci="1" mb="0" cb="0"/><line nr="50" mi="0" ci="3" mb="0" cb="2"/><line nr="51" mi="0" ci="5" mb="0" cb="0"/><line nr="53" mi="0" ci="2" mb="0" cb="0"/><line nr="55" mi="0" ci="2" mb="0" cb="0"/><counter type="INSTRUCTION" missed="5" covered="38"/><counter type="BRANCH" missed="0" covered="4"/><counter type="LINE" missed="2" covered="13"/><counter type="COMPLEXITY" missed="0" covered="5"/><counter type="METHOD" missed="0" covered="3"/><counter type="CLASS" missed="0" covered="1"/></sourcefile><counter type="INSTRUCTION" missed="119" covered="841"/><counter type="BRANCH" missed="20" covered="76"/><counter type="LINE" missed="23" covered="187"/><counter type="COMPLEXITY" missed="19" covered="56"/><counter type="METHOD" missed="0" covered="27"/><counter type="CLASS" missed="0" covered="4"/></package><package name="org/schemaspy/logging"><class name="org/schemaspy/logging/StackTraceOmitter"><method name="&lt;init&gt;" desc="()V" line="36"><counter type="INSTRUCTION" missed="0" covered="3"/><counter type="LINE" missed="0" covered="1"/><counter type="COMPLEXITY" missed="0" covered="1"/><counter type="METHOD" missed="0" covered="1"/></method><method name="register" desc="()V" line="43"><counter type="INSTRUCTION" missed="0" covered="7"/><counter type="LINE" missed="0" covered="2"/><counter type="COMPLEXITY" missed="0" covered="1"/><counter type="METHOD" missed="0" covered="1"/></method><method name="hasOmittedStackTrace" desc="()Z" line="47"><counter type="INSTRUCTION" missed="0" covered="3"/><counter type="LINE" missed="0" covered="1"/><counter type="COMPLEXITY" missed="0" covered="1"/><counter type="METHOD" missed="0" covered="1"/></method><method name="convert" desc="(Lch/qos/logback/classic/spi/ILoggingEvent;)Ljava/lang/String;" line="52"><counter type="INSTRUCTION" missed="4" covered="23"/><counter type="BRANCH" missed="1" covered="3"/><counter type="LINE" missed="1" covered="5"/><counter type="COMPLEXITY" missed="1" covered="2"/><counter type="METHOD" missed="0" covered="1"/></method><method name="onApplicationEvent" desc="(Lorg/springframework/boot/context/event/ApplicationStartingEvent;)V" line="63"><counter type="INSTRUCTION" missed="0" covered="3"/><counter type="LINE" missed="0" covered="2"/><counter type="COMPLEXITY" missed="0" covered="1"/><counter type="METHOD" missed="0" covered="1"/></method><method name="&lt;clinit&gt;" desc="()V" line="38"><counter type="INSTRUCTION" missed="0" covered="9"/><counter type="LINE" missed="0" covered="2"/><counter type="COMPLEXITY" missed="0" covered="1"/><counter type="METHOD" missed="0" covered="1"/></method><counter type="INSTRUCTION" missed="4" covered="48"/><counter type="BRANCH" missed="1" covered="3"/><counter type="LINE" missed="1" covered="13"/><counter type="COMPLEXITY" missed="1" covered="7"/><counter type="METHOD" missed="0" covered="6"/><counter type="CLASS" missed="0" covered="1"/></class><sourcefile name="StackTraceOmitter.java"><line nr="36" mi="0" ci="3" mb="0" cb="0"/><line nr="38" mi="0" ci="3" mb="0" cb="0"/><line nr="40" mi="0" ci="6" mb="0" cb="0"/><line nr="43" mi="0" ci="6" mb="0" cb="0"/><line nr="44" mi="0" ci="1" mb="0" cb="0"/><line nr="47" mi="0" ci="3" mb="0" cb="0"/><line nr="52" mi="0" ci="3" mb="1" cb="1"/><line nr="53" mi="4" ci="0" mb="0" cb="0"/><line nr="54" mi="0" ci="4" mb="0" cb="2"/><line nr="55" mi="0" ci="3" mb="0" cb="0"/><line nr="56" mi="0" ci="11" mb="0" cb="0"/><line nr="58" mi="0" ci="2" mb="0" cb="0"/><line nr="63" mi="0" ci="2" mb="0" cb="0"/><line nr="64" mi="0" ci="1" mb="0" cb="0"/><counter type="INSTRUCTION" missed="4" covered="48"/><counter type="BRANCH" missed="1" covered="3"/><counter type="LINE" missed="1" covered="13"/><counter type="COMPLEXITY" missed="1" covered="7"/><counter type="METHOD" missed="0" covered="6"/><counter type="CLASS" missed="0" covered="1"/></sourcefile><counter type="INSTRUCTION" missed="4" covered="48"/><counter type="BRANCH" missed="1" covered="3"/><counter type="LINE" missed="1" covered="13"/><counter type="COMPLEXITY" missed="1" covered="7"/><counter type="METHOD" missed="0" covered="6"/><counter type="CLASS" missed="0" covered="1"/></package><package name="org/schemaspy/output/diagram/graphviz"><class name="org/schemaspy/output/diagram/graphviz/GraphvizVersion"><method name="&lt;init&gt;" desc="(Ljava/lang/String;)V" line="37"><counter type="INSTRUCTION" missed="0" covered="44"/><counter type="BRANCH" missed="1" covered="3"/><counter type="LINE" missed="0" covered="13"/><counter type="COMPLEXITY" missed="1" covered="2"/><counter type="METHOD" missed="0" covered="1"/></method><method name="compareTo" desc="(Lorg/schemaspy/output/diagram/graphviz/GraphvizVersion;)I" line="63"><counter type="INSTRUCTION" missed="0" covered="55"/><counter type="BRANCH" missed="0" covered="8"/><counter type="LINE" missed="0" covered="12"/><counter type="COMPLEXITY" missed="0" covered="5"/><counter type="METHOD" missed="0" covered="1"/></method><method name="equals" desc="(Ljava/lang/Object;)Z" line="81"><counter type="INSTRUCTION" missed="2" covered="12"/><counter type="BRANCH" missed="1" covered="3"/><counter type="LINE" missed="1" covered="2"/><counter type="COMPLEXITY" missed="1" covered="2"/><counter type="METHOD" missed="0" covered="1"/></method><method name="hashCode" desc="()I" line="88"><counter type="INSTRUCTION" missed="3" covered="0"/><counter type="LINE" missed="1" covered="0"/><counter type="COMPLEXITY" missed="1" covered="0"/><counter type="METHOD" missed="1" covered="0"/></method><method name="toString" desc="()Ljava/lang/String;" line="93"><counter type="INSTRUCTION" missed="0" covered="3"/><counter type="LINE" missed="0" covered="1"/><counter type="COMPLEXITY" missed="0" covered="1"/><counter type="METHOD" missed="0" covered="1"/></method><counter type="INSTRUCTION" missed="5" covered="114"/><counter type="BRANCH" missed="2" covered="14"/><counter type="LINE" missed="2" covered="28"/><counter type="COMPLEXITY" missed="3" covered="10"/><counter type="METHOD" missed="1" covered="4"/><counter type="CLASS" missed="0" covered="1"/></class><class name="org/schemaspy/output/diagram/graphviz/GraphvizDot$ProcessOutputReader"><method name="&lt;init&gt;" desc="(Ljava/lang/String;Ljava/io/InputStream;)V" line="264"><counter type="INSTRUCTION" missed="12" covered="0"/><counter type="LINE" missed="5" covered="0"/><counter type="COMPLEXITY" missed="1" covered="0"/><counter type="METHOD" missed="1" covered="0"/></method><method name="run" desc="()V" line="272"><counter type="INSTRUCTION" missed="38" covered="0"/><counter type="BRANCH" missed="6" covered="0"/><counter type="LINE" missed="8" covered="0"/><counter type="COMPLEXITY" missed="4" covered="0"/><counter type="METHOD" missed="1" covered="0"/></method><method name="&lt;clinit&gt;" desc="()V" line="260"><counter type="INSTRUCTION" missed="5" covered="0"/><counter type="LINE" missed="1" covered="0"/><counter type="COMPLEXITY" missed="1" covered="0"/><counter type="METHOD" missed="1" covered="0"/></method><counter type="INSTRUCTION" missed="55" covered="0"/><counter type="BRANCH" missed="6" covered="0"/><counter type="LINE" missed="14" covered="0"/><counter type="COMPLEXITY" missed="6" covered="0"/><counter type="METHOD" missed="3" covered="0"/><counter type="CLASS" missed="1" covered="0"/></class><class name="org/schemaspy/output/diagram/graphviz/GraphvizDot"><method name="&lt;init&gt;" desc="(Lorg/schemaspy/output/diagram/graphviz/GraphvizConfig;)V" line="45"><counter type="INSTRUCTION" missed="0" covered="37"/><counter type="LINE" missed="0" covered="10"/><counter type="COMPLEXITY" missed="0" covered="1"/><counter type="METHOD" missed="0" covered="1"/></method><method name="initVersion" desc="()Lorg/schemaspy/output/diagram/graphviz/GraphvizVersion;" line="64"><counter type="INSTRUCTION" missed="13" covered="52"/><counter type="BRANCH" missed="1" covered="1"/><counter type="LINE" missed="3" covered="11"/><counter type="COMPLEXITY" missed="1" covered="1"/><counter type="METHOD" missed="0" covered="1"/></method><method name="initValidRenders" desc="()V" line="92"><counter type="INSTRUCTION" missed="5" covered="79"/><counter type="BRANCH" missed="0" covered="6"/><counter type="LINE" missed="2" covered="17"/><counter type="COMPLEXITY" missed="0" covered="4"/><counter type="METHOD" missed="0" covered="1"/></method><method name="isValid" desc="()Z" line="118"><counter type="INSTRUCTION" missed="0" covered="19"/><counter type="BRANCH" missed="1" covered="5"/><counter type="LINE" missed="0" covered="1"/><counter type="COMPLEXITY" missed="1" covered="3"/><counter type="METHOD" missed="0" covered="1"/></method><method name="exists" desc="()Z" line="122"><counter type="INSTRUCTION" missed="1" covered="7"/><counter type="BRANCH" missed="1" covered="1"/><counter type="LINE" missed="0" covered="1"/><counter type="COMPLEXITY" missed="1" covered="1"/><counter type="METHOD" missed="0" covered="1"/></method><method name="initRenderer" desc="()Ljava/lang/String;" line="134"><counter type="INSTRUCTION" missed="14" covered="36"/><counter type="BRANCH" missed="5" covered="7"/><counter type="LINE" missed="2" covered="9"/><counter type="COMPLEXITY" missed="4" covered="3"/><counter type="METHOD" missed="0" covered="1"/></method><method name="getImplementationDetails" desc="()Ljava/lang/String;" line="152"><counter type="INSTRUCTION" missed="11" covered="0"/><counter type="LINE" missed="1" covered="0"/><counter type="COMPLEXITY" missed="1" covered="0"/><counter type="METHOD" missed="1" covered="0"/></method><method name="getGraphvizVersion" desc="()Lorg/schemaspy/output/diagram/graphviz/GraphvizVersion;" line="156"><counter type="INSTRUCTION" missed="0" covered="3"/><counter type="LINE" missed="0" covered="1"/><counter type="COMPLEXITY" missed="0" covered="1"/><counter type="METHOD" missed="0" covered="1"/></method><method name="getDiagramFormat" desc="()Ljava/lang/String;" line="167"><counter type="INSTRUCTION" missed="0" covered="11"/><counter type="BRANCH" missed="0" covered="2"/><counter type="LINE" missed="0" covered="1"/><counter type="COMPLEXITY" missed="0" covered="2"/><counter type="METHOD" missed="0" covered="1"/></method><method name="getExe" desc="()Ljava/lang/String;" line="176"><counter type="INSTRUCTION" missed="4" covered="30"/><counter type="BRANCH" missed="1" covered="3"/><counter type="LINE" missed="1" covered="5"/><counter type="COMPLEXITY" missed="1" covered="2"/><counter type="METHOD" missed="0" covered="1"/></method><method name="generateDiagram" desc="(Ljava/io/File;Ljava/io/File;)Ljava/lang/String;" line="195"><counter type="INSTRUCTION" missed="206" covered="0"/><counter type="BRANCH" missed="12" covered="0"/><counter type="LINE" missed="36" covered="0"/><counter type="COMPLEXITY" missed="7" covered="0"/><counter type="METHOD" missed="1" covered="0"/></method><method name="getDisplayableCommand" desc="([Ljava/lang/String;)Ljava/lang/String;" line="250"><counter type="INSTRUCTION" missed="31" covered="0"/><counter type="BRANCH" missed="4" covered="0"/><counter type="LINE" missed="6" covered="0"/><counter type="COMPLEXITY" missed="3" covered="0"/><counter type="METHOD" missed="1" covered="0"/></method><method name="&lt;clinit&gt;" desc="()V" line="41"><counter type="INSTRUCTION" missed="0" covered="5"/><counter type="LINE" missed="0" covered="1"/><counter type="COMPLEXITY" missed="0" covered="1"/><counter type="METHOD" missed="0" covered="1"/></method><counter type="INSTRUCTION" missed="285" covered="279"/><counter t
[...]
="0"/><line nr="43" mi="0" ci="3" mb="0" cb="2"/><line nr="44" mi="0" ci="15" mb="0" cb="0"/><line nr="46" mi="0" ci="3" mb="0" cb="2"/><line nr="47" mi="0" ci="15" mb="0" cb="0"/><line nr="49" mi="0" ci="3" mb="0" cb="2"/><line nr="50" mi="0" ci="3" mb="0" cb="2"/><line nr="51" mi="0" ci="5" mb="0" cb="0"/><line nr="53" mi="0" ci="16" mb="0" cb="0"/><line nr="56" mi="0" ci="3" mb="1" cb="1"/><line nr="57" mi="3" ci="0" mb="2" cb="0"/><line nr="58" mi="5" ci="0" mb="0" cb="0"/><line nr="60" mi="14" ci="0" mb="0" cb="0"/><line nr="63" mi="0" ci="2" mb="0" cb="0"/><line nr="67" mi="0" ci="4" mb="0" cb="0"/><line nr="68" mi="0" ci="4" mb="0" cb="2"/><line nr="70" mi="0" ci="5" mb="0" cb="0"/><line nr="71" mi="1" ci="0" mb="0" cb="0"/><line nr="72" mi="12" ci="0" mb="0" cb="0"/><line nr="73" mi="2" ci="0" mb="0" cb="0"/><line nr="76" mi="0" ci="2" mb="0" cb="0"/><line nr="80" mi="0" ci="6" mb="0" cb="0"/><counter type="INSTRUCTION" missed="37" covered="114"/><counter type="BRANCH" missed="3" covered="13"/><counter type="LINE" missed="6" covered="19"/><counter type="COMPLEXITY" missed="2" covered="11"/><counter type="METHOD" missed="0" covered="5"/><counter type="CLASS" missed="0" covered="1"/></sourcefile><sourcefile name="DotTableFormatter.java"><line nr="44" mi="2" ci="0" mb="0" cb="0"/><line nr="45" mi="3" ci="0" mb="0" cb="0"/><line nr="46" mi="3" ci="0" mb="0" cb="0"/><line nr="47" mi="1" ci="0" mb="0" cb="0"/><line nr="54" mi="8" ci="0" mb="0" cb="0"/><line nr="61" mi="8" ci="0" mb="0" cb="0"/><line nr="62" mi="1" ci="0" mb="0" cb="0"/><line nr="69" mi="4" ci="0" mb="0" cb="0"/><line nr="70" mi="4" ci="0" mb="0" cb="0"/><line nr="72" mi="2" ci="0" mb="0" cb="0"/><line nr="74" mi="17" ci="0" mb="4" cb="0"/><line nr="75" mi="6" ci="0" mb="0" cb="0"/><line nr="77" mi="6" ci="0" mb="0" cb="0"/><line nr="79" mi="8" ci="0" mb="0" cb="0"/><line nr="80" mi="4" ci="0" mb="0" cb="0"/><line nr="82" mi="4" ci="0" mb="0" cb="0"/><line nr="85" mi="10" ci="0" mb="2" cb="0"/><line nr="86" mi="4" ci="0" mb="2" cb="0"/><line nr="87" mi="1" ci="0" mb="0" cb="0"/><line nr="89" mi="16" ci="0" mb="0" cb="0"/><line nr="90" mi="9" ci="0" mb="0" cb="0"/><line nr="91" mi="1" ci="0" mb="0" cb="0"/><line nr="95" mi="10" ci="0" mb="2" cb="0"/><line nr="96" mi="4" ci="0" mb="2" cb="0"/><line nr="97" mi="2" ci="0" mb="0" cb="0"/><line nr="98" mi="1" ci="0" mb="0" cb="0"/><line nr="100" mi="4" ci="0" mb="0" cb="0"/><line nr="101" mi="4" ci="0" mb="0" cb="0"/><line nr="104" mi="2" ci="0" mb="2" cb="0"/><line nr="105" mi="10" ci="0" mb="2" cb="0"/><line nr="106" mi="6" ci="0" mb="0" cb="0"/><line nr="108" mi="10" ci="0" mb="2" cb="0"/><line nr="109" mi="4" ci="0" mb="2" cb="0"/><line nr="110" mi="1" ci="0" mb="0" cb="0"/><line nr="112" mi="9" ci="0" mb="0" cb="0"/><line nr="113" mi="14" ci="0" mb="0" cb="0"/><line nr="114" mi="1" ci="0" mb="0" cb="0"/><line nr="116" mi="4" ci="0" mb="0" cb="0"/><line nr="117" mi="1" ci="0" mb="0" cb="0"/><line nr="122" mi="6" ci="0" mb="0" cb="0"/><line nr="123" mi="3" ci="0" mb="0" cb="0"/><line nr="124" mi="3" ci="0" mb="2" cb="0"/><line nr="125" mi="4" ci="0" mb="0" cb="0"/><line nr="126" mi="2" ci="0" mb="0" cb="0"/><line nr="128" mi="10" ci="0" mb="2" cb="0"/><line nr="129" mi="15" ci="0" mb="2" cb="0"/><line nr="130" mi="10" ci="0" mb="6" cb="0"/><line nr="131" mi="5" ci="0" mb="0" cb="0"/><line nr="133" mi="4" ci="0" mb="0" cb="0"/><line nr="135" mi="1" ci="0" mb="0" cb="0"/><line nr="136" mi="1" ci="0" mb="0" cb="0"/><line nr="137" mi="1" ci="0" mb="0" cb="0"/><line nr="139" mi="4" ci="0" mb="0" cb="0"/><line nr="143" mi="10" ci="0" mb="2" cb="0"/><line nr="144" mi="10" ci="0" mb="4" cb="0"/><line nr="145" mi="2" ci="0" mb="0" cb="0"/><line nr="146" mi="10" ci="0" mb="4" cb="0"/><line nr="147" mi="2" ci="0" mb="0" cb="0"/><line nr="148" mi="1" ci="0" mb="0" cb="0"/><line nr="151" mi="16" ci="0" mb="0" cb="0"/><line nr="153" mi="4" ci="0" mb="0" cb="0"/><line nr="154" mi="10" ci="0" mb="2" cb="0"/><line nr="155" mi="3" ci="0" mb="2" cb="0"/><line nr="156" mi="6" ci="0" mb="0" cb="0"/><line nr="157" mi="2" ci="0" mb="2" cb="0"/><line nr="158" mi="3" ci="0" mb="0" cb="0"/><line nr="159" mi="6" ci="0" mb="0" cb="0"/><line nr="160" mi="2" ci="0" mb="2" cb="0"/><line nr="161" mi="3" ci="0" mb="0" cb="0"/><line nr="163" mi="4" ci="0" mb="0" cb="0"/><line nr="164" mi="1" ci="0" mb="0" cb="0"/><line nr="166" mi="11" ci="0" mb="2" cb="0"/><line nr="167" mi="4" ci="0" mb="0" cb="0"/><line nr="168" mi="4" ci="0" mb="0" cb="0"/><line nr="169" mi="1" ci="0" mb="0" cb="0"/><line nr="171" mi="3" ci="0" mb="0" cb="0"/><line nr="173" mi="2" ci="0" mb="0" cb="0"/><line nr="177" mi="4" ci="0" mb="0" cb="0"/><line nr="179" mi="11" ci="0" mb="2" cb="0"/><line nr="180" mi="8" ci="0" mb="6" cb="0"/><line nr="181" mi="1" ci="0" mb="0" cb="0"/><line nr="184" mi="11" ci="0" mb="2" cb="0"/><line nr="185" mi="8" ci="0" mb="6" cb="0"/><line nr="186" mi="1" ci="0" mb="0" cb="0"/><line nr="189" mi="4" ci="0" mb="0" cb="0"/><line nr="190" mi="5" ci="0" mb="4" cb="0"/><line nr="191" mi="5" ci="0" mb="0" cb="0"/><line nr="193" mi="4" ci="0" mb="0" cb="0"/><line nr="194" mi="1" ci="0" mb="0" cb="0"/><line nr="196" mi="11" ci="0" mb="2" cb="0"/><line nr="197" mi="8" ci="0" mb="6" cb="0"/><line nr="198" mi="1" ci="0" mb="0" cb="0"/><line nr="201" mi="4" ci="0" mb="0" cb="0"/><line nr="202" mi="5" ci="0" mb="4" cb="0"/><line nr="203" mi="5" ci="0" mb="0" cb="0"/><line nr="205" mi="4" ci="0" mb="0" cb="0"/><line nr="206" mi="1" ci="0" mb="0" cb="0"/><line nr="207" mi="1" ci="0" mb="0" cb="0"/><line nr="209" mi="4" ci="0" mb="0" cb="0"/><line nr="210" mi="10" ci="0" mb="2" cb="0"/><line nr="211" mi="6" ci="0" mb="0" cb="0"/><line nr="213" mi="4" ci="0" mb="0" cb="0"/><line nr="215" mi="2" ci="0" mb="0" cb="0"/><line nr="219" mi="10" ci="0" mb="2" cb="0"/><line nr="220" mi="6" ci="0" mb="0" cb="0"/><line nr="221" mi="2" ci="0" mb="2" cb="0"/><line nr="222" mi="3" ci="0" mb="0" cb="0"/><line nr="224" mi="1" ci="0" mb="0" cb="0"/><line nr="225" mi="1" ci="0" mb="0" cb="0"/><counter type="INSTRUCTION" missed="550" covered="0"/><counter type="BRANCH" missed="90" covered="0"/><counter type="LINE" missed="109" covered="0"/><counter type="COMPLEXITY" missed="51" covered="0"/><counter type="METHOD" missed="6" covered="0"/><counter type="CLASS" missed="1" covered="0"/></sourcefile><sourcefile name="DotConnector.java"><line nr="47" mi="2" ci="0" mb="0" cb="0"/><line nr="48" mi="3" ci="0" mb="0" cb="0"/><line nr="49" mi="3" ci="0" mb="0" cb="0"/><line nr="50" mi="3" ci="0" mb="0" cb="0"/><line nr="51" mi="4" ci="0" mb="0" cb="0"/><line nr="52" mi="4" ci="0" mb="0" cb="0"/><line nr="53" mi="4" ci="0" mb="0" cb="0"/><line nr="54" mi="4" ci="0" mb="0" cb="0"/><line nr="55" mi="1" ci="0" mb="0" cb="0"/><line nr="64" mi="5" ci="0" mb="0" cb="0"/><line nr="68" mi="3" ci="0" mb="0" cb="0"/><line nr="78" mi="12" ci="0" mb="0" cb="0"/><line nr="79" mi="1" ci="0" mb="0" cb="0"/><line nr="82" mi="3" ci="0" mb="0" cb="0"/><line nr="83" mi="1" ci="0" mb="0" cb="0"/><line nr="86" mi="3" ci="0" mb="0" cb="0"/><line nr="87" mi="1" ci="0" mb="0" cb="0"/><line nr="91" mi="4" ci="0" mb="0" cb="0"/><line nr="92" mi="4" ci="0" mb="0" cb="0"/><line nr="93" mi="4" ci="0" mb="2" cb="0"/><line nr="94" mi="6" ci="0" mb="0" cb="0"/><line nr="95" mi="4" ci="0" mb="0" cb="0"/><line nr="97" mi="6" ci="0" mb="0" cb="0"/><line nr="98" mi="4" ci="0" mb="0" cb="0"/><line nr="99" mi="5" ci="0" mb="0" cb="0"/><line nr="100" mi="4" ci="0" mb="0" cb="0"/><line nr="101" mi="4" ci="0" mb="0" cb="0"/><line nr="102" mi="4" ci="0" mb="2" cb="0"/><line nr="103" mi="6" ci="0" mb="0" cb="0"/><line nr="104" mi="4" ci="0" mb="0" cb="0"/><line nr="106" mi="6" ci="0" mb="0" cb="0"/><line nr="107" mi="4" ci="0" mb="0" cb="0"/><line nr="108" mi="5" ci="0" mb="0" cb="0"/><line nr="109" mi="4" ci="0" mb="0" cb="0"/><line nr="110" mi="4" ci="0" mb="0" cb="0"/><line nr="114" mi="2" ci="0" mb="0" cb="0"/><line nr="128" mi="4" ci="0" mb="0" cb="0"/><line nr="129" mi="4" ci="0" mb="0" cb="0"/><line nr="133" mi="4" ci="0" mb="0" cb="0"/><line nr="134" mi="4" ci="0" mb="2" cb="0"/><line nr="135" mi="5" ci="0" mb="0" cb="0"/><line nr="137" mi="4" ci="0" mb="0" cb="0"/><line nr="139" mi="3" ci="0" mb="2" cb="0"/><line nr="140" mi="4" ci="0" mb="0" cb="0"/><line nr="141" mi="4" ci="0" mb="0" cb="0"/><line nr="143" mi="3" ci="0" mb="0" cb="0"/><line nr="147" mi="6" ci="0" mb="0" cb="0"/><line nr="148" mi="2" ci="0" mb="2" cb="0"/><line nr="149" mi="8" ci="0" mb="0" cb="0"/><line nr="150" mi="2" ci="0" mb="2" cb="0"/><line nr="151" mi="6" ci="0" mb="0" cb="0"/><line nr="152" mi="2" ci="0" mb="2" cb="0"/><line nr="153" mi="8" ci="0" mb="0" cb="0"/><line nr="154" mi="7" ci="0" mb="4" cb="0"/><line nr="155" mi="7" ci="0" mb="2" cb="0"/><line nr="156" mi="2" ci="0" mb="0" cb="0"/><line nr="161" mi="3" ci="0" mb="2" cb="0"/><line nr="162" mi="2" ci="0" mb="0" cb="0"/><line nr="163" mi="9" ci="0" mb="2" cb="0"/><line nr="168" mi="10" ci="0" mb="2" cb="0"/><line nr="169" mi="10" ci="0" mb="2" cb="0"/><line nr="170" mi="6" ci="0" mb="0" cb="0"/><line nr="174" mi="3" ci="0" mb="0" cb="0"/><line nr="178" mi="3" ci="0" mb="0" cb="0"/><line nr="182" mi="3" ci="0" mb="0" cb="0"/><line nr="186" mi="3" ci="0" mb="0" cb="0"/><counter type="INSTRUCTION" missed="282" covered="0"/><counter type="BRANCH" missed="28" covered="0"/><counter type="LINE" missed="66" covered="0"/><counter type="COMPLEXITY" missed="28" covered="0"/><counter type="METHOD" missed="14" covered="0"/><counter type="CLASS" missed="1" covered="0"/></sourcefile><sourcefile name="DotConnectorFinder.java"><line nr="35" mi="5" ci="0" mb="0" cb="0"/><line nr="44" mi="2" ci="0" mb="0" cb="0"/><line nr="54" mi="4" ci="0" mb="0" cb="0"/><line nr="56" mi="11" ci="0" mb="2" cb="0"/><line nr="57" mi="9" ci="0" mb="0" cb="0"/><line nr="58" mi="1" ci="0" mb="0" cb="0"/><line nr="60" mi="2" ci="0" mb="0" cb="0"/><line nr="72" mi="4" ci="0" mb="0" cb="0"/><line nr="74" mi="11" ci="0" mb="2" cb="0"/><line nr="75" mi="9" ci="0" mb="0" cb="0"/><line nr="76" mi="1" ci="0" mb="0" cb="0"/><line nr="78" mi="11" ci="0" mb="2" cb="0"/><line nr="79" mi="9" ci="0" mb="0" cb="0"/><line nr="80" mi="1" ci="0" mb="0" cb="0"/><line nr="82" mi="2" ci="0" mb="0" cb="0"/><line nr="92" mi="4" ci="0" mb="0" cb="0"/><line nr="93" mi="5" ci="0" mb="4" cb="0"/><line nr="94" mi="2" ci="0" mb="0" cb="0"/><line nr="96" mi="11" ci="0" mb="2" cb="0"/><line nr="97" mi="3" ci="0" mb="0" cb="0"/><line nr="98" mi="5" ci="0" mb="4" cb="0"/><line nr="99" mi="1" ci="0" mb="0" cb="0"/><line nr="100" mi="7" ci="0" mb="6" cb="0"/><line nr="101" mi="1" ci="0" mb="0" cb="0"/><line nr="102" mi="5" ci="0" mb="0" cb="0"/><line nr="103" mi="4" ci="0" mb="4" cb="0"/><line nr="104" mi="9" ci="0" mb="0" cb="0"/><line nr="106" mi="1" ci="0" mb="0" cb="0"/><line nr="108" mi="11" ci="0" mb="2" cb="0"/><line nr="109" mi="3" ci="0" mb="0" cb="0"/><line nr="110" mi="5" ci="0" mb="4" cb="0"/><line nr="111" mi="1" ci="0" mb="0" cb="0"/><line nr="112" mi="7" ci="0" mb="6" cb="0"/><line nr="113" mi="1" ci="0" mb="0" cb="0"/><line nr="114" mi="5" ci="0" mb="0" cb="0"/><line nr="115" mi="4" ci="0" mb="4" cb="0"/><line nr="116" mi="9" ci="0" mb="0" cb="0"/><line nr="118" mi="1" ci="0" mb="0" cb="0"/><line nr="120" mi="2" ci="0" mb="0" cb="0"/><counter type="INSTRUCTION" missed="189" covered="0"/><counter type="BRANCH" missed="42" covered="0"/><counter type="LINE" missed="39" covered="0"/><counter type="COMPLEXITY" missed="26" covered="0"/><counter type="METHOD" missed="5" covered="0"/><counter type="CLASS" missed="1" covered="0"/></sourcefile><sourcefile name="DotFormatter.java"><line nr="52" mi="2" ci="0" mb="0" cb="0"/><line nr="53" mi="3" ci="0" mb="0" cb="0"/><line nr="54" mi="6" ci="0" mb="0" cb="0"/><line nr="55" mi="8" ci="0" mb="0" cb="0"/><line nr="56" mi="8" ci="0" mb="0" cb="0"/><line nr="57" mi="8" ci="0" mb="0" cb="0"/><line nr="58" mi="1" ci="0" mb="0" cb="0"/><line nr="61" mi="9" ci="0" mb="0" cb="0"/><line nr="62" mi="1" ci="0" mb="0" cb="0"/><line nr="65" mi="10" ci="0" mb="0" cb="0"/><line nr="69" mi="8" ci="0" mb="0" cb="0"/><line nr="73" mi="7" ci="0" mb="0" cb="0"/><line nr="74" mi="1" ci="0" mb="0" cb="0"/><line nr="77" mi="5" ci="0" mb="0" cb="0"/><line nr="78" mi="1" ci="0" mb="0" cb="0"/><counter type="INSTRUCTION" missed="78" covered="0"/><counter type="LINE" missed="15" covered="0"/><counter type="COMPLEXITY" missed="6" covered="0"/><counter type="METHOD" missed="6" covered="0"/><counter type="CLASS" missed="1" covered="0"/></sourcefile><sourcefile name="DotNode.java"><line nr="58" mi="0" ci="4" mb="0" cb="0"/><line nr="59" mi="0" ci="4" mb="0" cb="0"/><line nr="60" mi="0" ci="3" mb="0" cb="0"/><line nr="69" mi="0" ci="5" mb="0" cb="0"/><line nr="70" mi="0" ci="4" mb="0" cb="0"/><line nr="75" mi="0" ci="2" mb="0" cb="0"/><line nr="76" mi="0" ci="3" mb="0" cb="0"/><line nr="77" mi="0" ci="3" mb="0" cb="0"/><line nr="78" mi="0" ci="3" mb="0" cb="0"/><line nr="79" mi="0" ci="5" mb="0" cb="0"/><line nr="80" mi="1" ci="7" mb="1" cb="1"/><line nr="81" mi="0" ci="1" mb="0" cb="0"/><line nr="84" mi="0" ci="4" mb="1" cb="1"/><line nr="85" mi="25" ci="0" mb="2" cb="0"/><line nr="87" mi="0" ci="2" mb="0" cb="2"/><line nr="88" mi="1" ci="19" mb="1" cb="1"/><line nr="90" mi="0" ci="20" mb="0" cb="2"/><line nr="95" mi="3" ci="0" mb="0" cb="0"/><line nr="96" mi="1" ci="0" mb="0" cb="0"/><line nr="99" mi="3" ci="0" mb="0" cb="0"/><line nr="103" mi="5" ci="0" mb="0" cb="0"/><line nr="104" mi="1" ci="0" mb="0" cb="0"/><line nr="108" mi="0" ci="4" mb="0" cb="0"/><line nr="109" mi="0" ci="4" mb="0" cb="0"/><line nr="111" mi="0" ci="24" mb="0" cb="2"/><line nr="112" mi="0" ci="4" mb="0" cb="0"/><line nr="113" mi="1" ci="7" mb="1" cb="1"/><line nr="114" mi="2" ci="6" mb="1" cb="1"/><line nr="116" mi="0" ci="16" mb="0" cb="0"/><line nr="117" mi="0" ci="12" mb="0" cb="0"/><line nr="118" mi="1" ci="26" mb="1" cb="1"/><line nr="119" mi="0" ci="4" mb="0" cb="0"/><line nr="120" mi="0" ci="18" mb="0" cb="0"/><line nr="121" mi="0" ci="4" mb="0" cb="0"/><line nr="122" mi="0" ci="4" mb="0" cb="0"/><line nr="123" mi="0" ci="20" mb="0" cb="0"/><line nr="124" mi="0" ci="15" mb="0" cb="0"/><line nr="125" mi="0" ci="4" mb="0" cb="0"/><line nr="126" mi="0" ci="4" mb="0" cb="0"/><line nr="127" mi="0" ci="4" mb="0" cb="0"/><line nr="128" mi="0" ci="12" mb="0" cb="0"/><line nr="130" mi="0" ci="5" mb="0" cb="0"/><line nr="131" mi="0" ci="4" mb="1" cb="1"/><line nr="132" mi="0" ci="5" mb="0" cb="0"/><line nr="135" mi="0" ci="12" mb="0" cb="0"/><line nr="136" mi="0" ci="8" mb="1" cb="3"/><line nr="137" mi="0" ci="21" mb="0" cb="0"/><line nr="138" mi="0" ci="12" mb="0" cb="0"/><line nr="140" mi="0" ci="17" mb="0" cb="0"/><line nr="141" mi="0" ci="4" mb="0" cb="0"/><line nr="143" mi="0" ci="3" mb="0" cb="0"/><line nr="147" mi="0" ci="4" mb="0" cb="0"/><line nr="148" mi="0" ci="2" mb="0" cb="0"/><line nr="150" mi="0" ci="4" mb="1" cb="1"/><line nr="151" mi="0" ci="3" mb="0" cb="0"/><line nr="152" mi="0" ci="3" mb="0" cb="0"/><line nr="153" mi="0" ci="12" mb="0" cb="2"/><line nr="154" mi="14" ci="4" mb="9" cb="1"/><line nr="155" mi="0" ci="9" mb="0" cb="0"/><line nr="157" mi="2" ci="0" mb="0" cb="0"/><line nr="159" mi="0" ci="1" mb="0" cb="0"/><line nr="162" mi="0" ci="6" mb="2" cb="2"/><line nr="163" mi="12" ci="0" mb="0" cb="0"/><line nr="165" mi="0" ci="3" mb="0" cb="0"/><line nr="169" mi="0" ci="4" mb="0" cb="0"/><line nr="170" mi="4" ci="8" mb="1" cb="1"/><line nr="171" mi="5" ci="0" mb="0" cb="0"/><line nr="172" mi="1" ci="0" mb="0" cb="0"/><line nr="173" mi="0" ci="6" mb="0" cb="0"/><line nr="174" mi="0" ci="2" mb="0" cb="0"/><line nr="178" mi="0" ci="4" mb="0" cb="0"/><line nr="182" mi="0" ci="6" mb="0" cb="0"/><line nr="183" mi="0" ci="12" mb="0" cb="2"/><line nr="184" mi="0" ci="5" mb="0" cb="0"/><line nr="185" mi="0" ci="3" mb="1" cb="1"/><line nr="186" mi="2" ci="0" mb="0" cb="0"/><line nr="188" mi="0" ci="1" mb="0" cb="0"/><line nr="189" mi="0" ci="2" mb="0" cb="0"/><line nr="193" mi="0" ci="4" mb="0" cb="0"/><line nr="194" mi="0" ci="7" mb="0" cb="0"/><line nr="195" mi="0" ci="6" mb="0" cb="0"/><line nr="196" mi="0" ci="9" mb="0" cb="0"/><line nr="197" mi="0" ci="7" mb="0" cb="0"/><line nr="201" mi="0" ci="4" mb="0" cb="0"/><line nr="202" mi="0" ci="4" mb="0" cb="0"/><line nr="203" mi="0" ci="18" mb="0" cb="0"/><line nr="204" mi="0" ci="5" mb="1" cb="1"/><line nr="205" mi="15" ci="0" mb="0" cb="0"/><line nr="206" mi="0" ci="4" mb="1" cb="1"/><line nr="207" mi="14" ci="0" mb="0" cb="0"/><line nr="208" mi="0" ci="4" mb="0" cb="0"/><line nr="209" mi="0" ci="4" mb="0" cb="0"/><line nr="210" mi="0" ci="4" mb="0" cb="0"/><line nr="211" mi="0" ci="4" mb="0" cb="0"/><line nr="212" mi="0" ci="3" mb="1" cb="1"/><line nr="213" mi="5" ci="0" mb="0" cb="0"/><line nr="214" mi="0" ci="3" mb="1" cb="1"/><line nr="215" mi="4" ci="0" mb="0" cb="0"/><line nr="217" mi="0" ci="4" mb="0" cb="0"/><line nr="218" mi="0" ci="13" mb="0" cb="0"/><line nr="219" mi="0" ci="6" mb="0" cb="0"/><line nr="220" mi="0" ci="4" mb="0" cb="0"/><line nr="221" mi="0" ci="4" mb="0" cb="0"/><line nr="222" mi="0" ci="4" mb="0" cb="0"/><line nr="223" mi="0" ci="4" mb="0" cb="0"/><line nr="225" mi="0" ci="4" mb="1" cb="1"/><line nr="226" mi="0" ci="4" mb="0" cb="0"/><line nr="227" mi="0" ci="6" mb="0" cb="0"/><line nr="228" mi="0" ci="4" mb="0" cb="0"/><line nr="229" mi="0" ci="7" mb="0" cb="0"/><line nr="230" mi="0" ci="8" mb="1" cb="3"/><line nr="231" mi="0" ci="4" mb="0" cb="0"/><line nr="232" mi="0" ci="6" mb="0" cb="0"/><line nr="233" mi="0" ci="4" mb="0" cb="0"/><line nr="235" mi="0" ci="4" mb="0" cb="0"/><line nr="237" mi="0" ci="12" mb="0" cb="0"/><line nr="238" mi="0" ci="3" mb="0" cb="0"/><line nr="242" mi="0" ci="4" mb="0" cb="0"/><line nr="243" mi="0" ci="4" mb="0" cb="0"/><line nr="244" mi="0" ci="14" mb="0" cb="0"/><line nr="245" mi="4" ci="7" mb="1" cb="1"/><line nr="246" mi="0" ci="6" mb="2" cb="2"/><line nr="247" mi="0" ci="12" mb="0" cb="0"/><line nr="249" mi="4" ci="0" mb="0" cb="0"/><line nr="251" mi="0" ci="4" mb="0" cb="0"/><line nr="252" mi="0" ci="14" mb="0" cb="0"/><line nr="253" mi="0" ci="4" mb="0" cb="0"/><line nr="254" mi="0" ci="8" mb="2" cb="2"/><line nr="255" mi="0" ci="6" mb="0" cb="0"/><line nr="256" mi="0" ci="4" mb="0" cb="0"/><line nr="257" mi="0" ci="4" mb="1" cb="1"/><line nr="258" mi="0" ci="5" mb="0" cb="0"/><line nr="260" mi="4" ci="0" mb="0" cb="0"/><line nr="262" mi="0" ci="4" mb="0" cb="0"/><line nr="264" mi="0" ci="14" mb="0" cb="0"/><line nr="265" mi="4" ci="7" mb="1" cb="1"/><line nr="266" mi="0" ci="6" mb="2" cb="2"/><line nr="267" mi="0" ci="12" mb="0" cb="0"/><line nr="269" mi="4" ci="0" mb="0" cb="0"/><line nr="270" mi="0" ci="12" mb="0" cb="0"/><line nr="271" mi="0" ci="3" mb="0" cb="0"/><line nr="281" mi="0" ci="4" mb="0" cb="0"/><line nr="286" mi="0" ci="8" mb="0" cb="0"/><line nr="287" mi="1" ci="0" mb="0" cb="0"/><line nr="288" mi="18" ci="0" mb="0" cb="0"/><line nr="289" mi="2" ci="0" mb="0" cb="0"/><counter type="INSTRUCTION" missed="163" covered="837"/><counter type="BRANCH" missed="39" covered="43"/><counter type="LINE" missed="21" covered="125"/><counter type="COMPLEXITY" missed="37" covered="20"/><counter type="METHOD" missed="3" covered="13"/><counter type="CLASS" missed="0" covered="1"/></sourcefile><counter type="INSTRUCTION" missed="1843" covered="1258"/><counter type="BRANCH" missed="246" covered="84"/><counter type="LINE" missed="367" covered="229"/><counter type="COMPLEXITY" missed="188" covered="59"/><counter type="METHOD" missed="47" covered="35"/><counter type="CLASS" missed="10" covered="5"/></package><counter type="INSTRUCTION" missed="12729" covered="13503"/><counter type="BRANCH" missed="1335" covered="935"/><counter type="LINE" missed="2790" covered="3105"/><counter type="COMPLEXITY" missed="1291" covered="1064"/><counter type="METHOD" missed="469" covered="746"/><counter type="CLASS" missed="39" covered="116"/></report>